2024-03-06 22:08:11,671 INFO    StreamThr :29002 [internal.py:wandb_internal():86] W&B internal server running at pid: 29002, started at: 2024-03-06 22:08:11.670745
2024-03-06 22:08:11,673 DEBUG   HandlerThread:29002 [handler.py:handle_request():144] handle_request: status
2024-03-06 22:08:11,675 INFO    WriterThread:29002 [datastore.py:open_for_write():85] open: /Users/kelseydoerksen/code/giga-connectivity/wandb/run-20240306_220811-2skdb9ul/run-2skdb9ul.wandb
2024-03-06 22:08:11,679 DEBUG   SenderThread:29002 [sender.py:send():380] send: header
2024-03-06 22:08:11,705 DEBUG   SenderThread:29002 [sender.py:send():380] send: run
2024-03-06 22:08:11,707 INFO    SenderThread:29002 [sender.py:_maybe_setup_resume():759] checking resume status for None/giga-research/2skdb9ul
2024-03-06 22:08:12,304 INFO    SenderThread:29002 [dir_watcher.py:__init__():211] watching files in: /Users/kelseydoerksen/code/giga-connectivity/wandb/run-20240306_220811-2skdb9ul/files
2024-03-06 22:08:12,304 INFO    SenderThread:29002 [sender.py:_start_run_threads():1122] run started: 2skdb9ul with start time 1709762891.670808
2024-03-06 22:08:12,320 DEBUG   HandlerThread:29002 [handler.py:handle_request():144] handle_request: check_version
2024-03-06 22:08:12,321 DEBUG   SenderThread:29002 [sender.py:send_request():407] send_request: check_version
2024-03-06 22:08:12,395 DEBUG   HandlerThread:29002 [handler.py:handle_request():144] handle_request: run_start
2024-03-06 22:08:12,407 DEBUG   HandlerThread:29002 [system_info.py:__init__():32] System info init
2024-03-06 22:08:12,407 DEBUG   HandlerThread:29002 [system_info.py:__init__():47] System info init done
2024-03-06 22:08:12,408 INFO    HandlerThread:29002 [system_monitor.py:start():181] Starting system monitor
2024-03-06 22:08:12,408 INFO    SystemMonitor:29002 [system_monitor.py:_start():145] Starting system asset monitoring threads
2024-03-06 22:08:12,409 INFO    HandlerThread:29002 [system_monitor.py:probe():201] Collecting system info
2024-03-06 22:08:12,409 INFO    SystemMonitor:29002 [interfaces.py:start():190] Started cpu monitoring
2024-03-06 22:08:12,410 DEBUG   HandlerThread:29002 [system_info.py:probe():196] Probing system
2024-03-06 22:08:12,411 INFO    SystemMonitor:29002 [interfaces.py:start():190] Started disk monitoring
2024-03-06 22:08:12,412 INFO    SystemMonitor:29002 [interfaces.py:start():190] Started memory monitoring
2024-03-06 22:08:12,413 INFO    SystemMonitor:29002 [interfaces.py:start():190] Started network monitoring
2024-03-06 22:08:12,421 DEBUG   HandlerThread:29002 [system_info.py:_probe_git():181] Probing git
2024-03-06 22:08:12,461 DEBUG   HandlerThread:29002 [system_info.py:_probe_git():189] Probing git done
2024-03-06 22:08:12,461 DEBUG   HandlerThread:29002 [system_info.py:probe():244] Probing system done
2024-03-06 22:08:12,461 DEBUG   HandlerThread:29002 [system_monitor.py:probe():210] {'os': 'macOS-10.16-x86_64-i386-64bit', 'python': '3.10.9', 'heartbeatAt': '2024-03-06T22:08:12.410363', 'startedAt': '2024-03-06T22:08:11.660160', 'docker': None, 'cuda': None, 'args': ('--model', 'gb', '--aoi', 'BWA', '--buffer', '1000', '--root_dir', '/Users/kelseydoerksen/Desktop/Giga', '--experiment_type', 'None', '--features', 'engineer'), 'state': 'running', 'program': '/Users/kelseydoerksen/code/giga-connectivity/run_pipeline.py', 'codePathLocal': 'run_pipeline.py', 'codePath': 'run_pipeline.py', 'git': {'remote': 'git@github.com:kelsdoerksen/giga-connectivity.git', 'commit': 'de241be1b3dbc89065dfa799791ceb3d44b0ca57'}, 'email': 'kelseydoerksen@gmail.com', 'root': '/Users/kelseydoerksen/code/giga-connectivity', 'host': 'Kelseys-MacBook-Pro.local', 'username': 'kelseydoerksen', 'executable': '/Users/kelseydoerksen/opt/anaconda3/envs/giga/bin/python', 'cpu_count': 4, 'cpu_count_logical': 8, 'cpu_freq': {'current': 2300, 'min': 2300, 'max': 2300}, 'cpu_freq_per_core': [{'current': 2300, 'min': 2300, 'max': 2300}], 'disk': {'/': {'total': 465.62699127197266, 'used': 9.432418823242188}}, 'memory': {'total': 16.0}}
2024-03-06 22:08:12,461 INFO    HandlerThread:29002 [system_monitor.py:probe():211] Finished collecting system info
2024-03-06 22:08:12,461 INFO    HandlerThread:29002 [system_monitor.py:probe():214] Publishing system info
2024-03-06 22:08:12,461 DEBUG   HandlerThread:29002 [system_info.py:_save_pip():52] Saving list of pip packages installed into the current environment
2024-03-06 22:08:12,462 DEBUG   HandlerThread:29002 [system_info.py:_save_pip():68] Saving pip packages done
2024-03-06 22:08:12,462 DEBUG   HandlerThread:29002 [system_info.py:_save_conda():75] Saving list of conda packages installed into the current environment
2024-03-06 22:08:13,306 INFO    Thread-12 :29002 [dir_watcher.py:_on_file_created():271] file/dir created: /Users/kelseydoerksen/code/giga-connectivity/wandb/run-20240306_220811-2skdb9ul/files/conda-environment.yaml
2024-03-06 22:08:13,307 INFO    Thread-12 :29002 [dir_watcher.py:_on_file_created():271] file/dir created: /Users/kelseydoerksen/code/giga-connectivity/wandb/run-20240306_220811-2skdb9ul/files/requirements.txt
2024-03-06 22:08:20,045 DEBUG   HandlerThread:29002 [system_info.py:_save_conda():87] Saving conda packages done
2024-03-06 22:08:20,045 INFO    HandlerThread:29002 [system_monitor.py:probe():216] Finished publishing system info
2024-03-06 22:08:20,051 DEBUG   HandlerThread:29002 [handler.py:handle_request():144] handle_request: status_report
2024-03-06 22:08:20,051 DEBUG   HandlerThread:29002 [handler.py:handle_request():144] handle_request: keepalive
2024-03-06 22:08:20,052 DEBUG   SenderThread:29002 [sender.py:send():380] send: files
2024-03-06 22:08:20,052 INFO    SenderThread:29002 [sender.py:_save_file():1378] saving file wandb-metadata.json with policy now
2024-03-06 22:08:20,060 DEBUG   HandlerThread:29002 [handler.py:handle_request():144] handle_request: internal_messages
2024-03-06 22:08:20,061 DEBUG   SenderThread:29002 [sender.py:send():380] send: telemetry
2024-03-06 22:08:20,062 DEBUG   SenderThread:29002 [sender.py:send():380] send: config
2024-03-06 22:08:20,063 DEBUG   HandlerThread:29002 [handler.py:handle_request():144] handle_request: stop_status
2024-03-06 22:08:20,064 DEBUG   SenderThread:29002 [sender.py:send_request():407] send_request: stop_status
2024-03-06 22:08:20,326 INFO    Thread-12 :29002 [dir_watcher.py:_on_file_modified():288] file/dir modified: /Users/kelseydoerksen/code/giga-connectivity/wandb/run-20240306_220811-2skdb9ul/files/conda-environment.yaml
2024-03-06 22:08:20,326 INFO    Thread-12 :29002 [dir_watcher.py:_on_file_created():271] file/dir created: /Users/kelseydoerksen/code/giga-connectivity/wandb/run-20240306_220811-2skdb9ul/files/wandb-metadata.json
2024-03-06 22:08:20,326 INFO    Thread-12 :29002 [dir_watcher.py:_on_file_created():271] file/dir created: /Users/kelseydoerksen/code/giga-connectivity/wandb/run-20240306_220811-2skdb9ul/files/output.log
2024-03-06 22:08:20,637 INFO    wandb-upload_0:29002 [upload_job.py:push():131] Uploaded file /var/folders/45/0gt2k_f526x1p6241p2jbczr0000gn/T/tmpmq41c48rwandb/4iimxfby-wandb-metadata.json
2024-03-06 22:08:22,327 INFO    Thread-12 :29002 [dir_watcher.py:_on_file_modified():288] file/dir modified: /Users/kelseydoerksen/code/giga-connectivity/wandb/run-20240306_220811-2skdb9ul/files/output.log
2024-03-06 22:08:22,564 DEBUG   HandlerThread:29002 [handler.py:handle_request():144] handle_request: status_report
2024-03-06 22:08:27,573 DEBUG   HandlerThread:29002 [handler.py:handle_request():144] handle_request: status_report
2024-03-06 22:08:32,588 DEBUG   HandlerThread:29002 [handler.py:handle_request():144] handle_request: status_report
2024-03-06 22:08:35,067 DEBUG   HandlerThread:29002 [handler.py:handle_request():144] handle_request: stop_status
2024-03-06 22:08:35,073 DEBUG   HandlerThread:29002 [handler.py:handle_request():144] handle_request: internal_messages
2024-03-06 22:08:35,076 DEBUG   SenderThread:29002 [sender.py:send_request():407] send_request: stop_status
2024-03-06 22:08:38,270 DEBUG   HandlerThread:29002 [handler.py:handle_request():144] handle_request: status_report
2024-03-06 22:08:43,282 DEBUG   HandlerThread:29002 [handler.py:handle_request():144] handle_request: status_report
2024-03-06 22:08:44,384 INFO    Thread-12 :29002 [dir_watcher.py:_on_file_modified():288] file/dir modified: /Users/kelseydoerksen/code/giga-connectivity/wandb/run-20240306_220811-2skdb9ul/files/config.yaml
2024-03-06 22:08:48,464 DEBUG   HandlerThread:29002 [handler.py:handle_request():144] handle_request: status_report
2024-03-06 22:08:50,069 DEBUG   HandlerThread:29002 [handler.py:handle_request():144] handle_request: stop_status
2024-03-06 22:08:50,070 DEBUG   HandlerThread:29002 [handler.py:handle_request():144] handle_request: internal_messages
2024-03-06 22:08:50,070 DEBUG   SenderThread:29002 [sender.py:send_request():407] send_request: stop_status
2024-03-06 22:08:54,283 DEBUG   HandlerThread:29002 [handler.py:handle_request():144] handle_request: status_report
2024-03-06 22:08:59,293 DEBUG   HandlerThread:29002 [handler.py:handle_request():144] handle_request: status_report
2024-03-06 22:09:04,314 DEBUG   HandlerThread:29002 [handler.py:handle_request():144] handle_request: status_report
2024-03-06 22:09:05,070 DEBUG   HandlerThread:29002 [handler.py:handle_request():144] handle_request: internal_messages
2024-03-06 22:09:05,070 DEBUG   HandlerThread:29002 [handler.py:handle_request():144] handle_request: stop_status
2024-03-06 22:09:05,071 DEBUG   SenderThread:29002 [sender.py:send_request():407] send_request: stop_status
2024-03-06 22:09:10,314 DEBUG   HandlerThread:29002 [handler.py:handle_request():144] handle_request: status_report
2024-03-06 22:09:12,413 DEBUG   SystemMonitor:29002 [system_monitor.py:_start():159] Starting system metrics aggregation loop
2024-03-06 22:09:12,415 DEBUG   SenderThread:29002 [sender.py:send():380] send: stats
2024-03-06 22:09:15,420 DEBUG   HandlerThread:29002 [handler.py:handle_request():144] handle_request: status_report
2024-03-06 22:09:20,074 DEBUG   HandlerThread:29002 [handler.py:handle_request():144] handle_request: internal_messages
2024-03-06 22:09:20,075 DEBUG   HandlerThread:29002 [handler.py:handle_request():144] handle_request: stop_status
2024-03-06 22:09:20,075 DEBUG   SenderThread:29002 [sender.py:send_request():407] send_request: stop_status
2024-03-06 22:09:21,314 DEBUG   HandlerThread:29002 [handler.py:handle_request():144] handle_request: status_report
2024-03-06 22:09:26,320 DEBUG   HandlerThread:29002 [handler.py:handle_request():144] handle_request: status_report
2024-03-06 22:09:31,335 DEBUG   HandlerThread:29002 [handler.py:handle_request():144] handle_request: status_report
2024-03-06 22:09:35,077 DEBUG   HandlerThread:29002 [handler.py:handle_request():144] handle_request: internal_messages
2024-03-06 22:09:35,078 DEBUG   HandlerThread:29002 [handler.py:handle_request():144] handle_request: stop_status
2024-03-06 22:09:35,078 DEBUG   SenderThread:29002 [sender.py:send_request():407] send_request: stop_status
2024-03-06 22:09:37,297 DEBUG   HandlerThread:29002 [handler.py:handle_request():144] handle_request: status_report
2024-03-06 22:09:42,308 DEBUG   HandlerThread:29002 [handler.py:handle_request():144] handle_request: status_report
2024-03-06 22:09:42,416 DEBUG   SenderThread:29002 [sender.py:send():380] send: stats
2024-03-06 22:09:47,435 DEBUG   HandlerThread:29002 [handler.py:handle_request():144] handle_request: status_report
2024-03-06 22:09:50,085 DEBUG   HandlerThread:29002 [handler.py:handle_request():144] handle_request: internal_messages
2024-03-06 22:09:50,088 DEBUG   HandlerThread:29002 [handler.py:handle_request():144] handle_request: stop_status
2024-03-06 22:09:50,091 DEBUG   SenderThread:29002 [sender.py:send_request():407] send_request: stop_status
2024-03-06 22:09:53,355 DEBUG   HandlerThread:29002 [handler.py:handle_request():144] handle_request: status_report
2024-03-06 22:09:58,368 DEBUG   HandlerThread:29002 [handler.py:handle_request():144] handle_request: status_report
2024-03-06 22:10:03,390 DEBUG   HandlerThread:29002 [handler.py:handle_request():144] handle_request: status_report
2024-03-06 22:10:05,088 DEBUG   HandlerThread:29002 [handler.py:handle_request():144] handle_request: internal_messages
2024-03-06 22:10:05,094 DEBUG   HandlerThread:29002 [handler.py:handle_request():144] handle_request: stop_status
2024-03-06 22:10:05,097 DEBUG   SenderThread:29002 [sender.py:send_request():407] send_request: stop_status
2024-03-06 22:10:08,427 DEBUG   HandlerThread:29002 [handler.py:handle_request():144] handle_request: status_report
2024-03-06 22:10:12,421 DEBUG   SenderThread:29002 [sender.py:send():380] send: stats
2024-03-06 22:10:14,424 DEBUG   HandlerThread:29002 [handler.py:handle_request():144] handle_request: status_report
2024-03-06 22:10:19,460 DEBUG   HandlerThread:29002 [handler.py:handle_request():144] handle_request: status_report
2024-03-06 22:10:20,084 DEBUG   HandlerThread:29002 [handler.py:handle_request():144] handle_request: internal_messages
2024-03-06 22:10:20,094 DEBUG   HandlerThread:29002 [handler.py:handle_request():144] handle_request: stop_status
2024-03-06 22:10:20,094 DEBUG   SenderThread:29002 [sender.py:send_request():407] send_request: stop_status
2024-03-06 22:10:25,275 DEBUG   HandlerThread:29002 [handler.py:handle_request():144] handle_request: status_report
2024-03-06 22:10:30,292 DEBUG   HandlerThread:29002 [handler.py:handle_request():144] handle_request: status_report
2024-03-06 22:10:35,085 DEBUG   HandlerThread:29002 [handler.py:handle_request():144] handle_request: internal_messages
2024-03-06 22:10:35,099 DEBUG   HandlerThread:29002 [handler.py:handle_request():144] handle_request: stop_status
2024-03-06 22:10:35,100 DEBUG   SenderThread:29002 [sender.py:send_request():407] send_request: stop_status
2024-03-06 22:10:35,436 DEBUG   HandlerThread:29002 [handler.py:handle_request():144] handle_request: status_report
2024-03-06 22:10:40,442 DEBUG   HandlerThread:29002 [handler.py:handle_request():144] handle_request: status_report
2024-03-06 22:10:42,422 DEBUG   SenderThread:29002 [sender.py:send():380] send: stats
2024-03-06 22:10:46,442 DEBUG   HandlerThread:29002 [handler.py:handle_request():144] handle_request: status_report
2024-03-06 22:10:50,088 DEBUG   HandlerThread:29002 [handler.py:handle_request():144] handle_request: internal_messages
2024-03-06 22:10:50,099 DEBUG   HandlerThread:29002 [handler.py:handle_request():144] handle_request: stop_status
2024-03-06 22:10:50,099 DEBUG   SenderThread:29002 [sender.py:send_request():407] send_request: stop_status
2024-03-06 22:10:52,242 DEBUG   HandlerThread:29002 [handler.py:handle_request():144] handle_request: status_report
2024-03-06 22:10:57,251 DEBUG   HandlerThread:29002 [handler.py:handle_request():144] handle_request: status_report
2024-03-06 22:11:02,267 DEBUG   HandlerThread:29002 [handler.py:handle_request():144] handle_request: status_report
2024-03-06 22:11:05,092 DEBUG   HandlerThread:29002 [handler.py:handle_request():144] handle_request: internal_messages
2024-03-06 22:11:05,099 DEBUG   HandlerThread:29002 [handler.py:handle_request():144] handle_request: stop_status
2024-03-06 22:11:05,099 DEBUG   SenderThread:29002 [sender.py:send_request():407] send_request: stop_status
2024-03-06 22:11:07,273 DEBUG   HandlerThread:29002 [handler.py:handle_request():144] handle_request: status_report
2024-03-06 22:11:12,284 DEBUG   HandlerThread:29002 [handler.py:handle_request():144] handle_request: status_report
2024-03-06 22:11:12,427 DEBUG   SenderThread:29002 [sender.py:send():380] send: stats
2024-03-06 22:11:17,442 DEBUG   HandlerThread:29002 [handler.py:handle_request():144] handle_request: status_report
2024-03-06 22:11:20,094 DEBUG   HandlerThread:29002 [handler.py:handle_request():144] handle_request: internal_messages
2024-03-06 22:11:20,099 DEBUG   HandlerThread:29002 [handler.py:handle_request():144] handle_request: stop_status
2024-03-06 22:11:20,100 DEBUG   SenderThread:29002 [sender.py:send_request():407] send_request: stop_status
2024-03-06 22:11:23,294 DEBUG   HandlerThread:29002 [handler.py:handle_request():144] handle_request: status_report
2024-03-06 22:11:28,300 DEBUG   HandlerThread:29002 [handler.py:handle_request():144] handle_request: status_report
2024-03-06 22:11:33,316 DEBUG   HandlerThread:29002 [handler.py:handle_request():144] handle_request: status_report
2024-03-06 22:11:35,094 DEBUG   HandlerThread:29002 [handler.py:handle_request():144] handle_request: internal_messages
2024-03-06 22:11:35,102 DEBUG   HandlerThread:29002 [handler.py:handle_request():144] handle_request: stop_status
2024-03-06 22:11:35,103 DEBUG   SenderThread:29002 [sender.py:send_request():407] send_request: stop_status
2024-03-06 22:11:39,310 DEBUG   HandlerThread:29002 [handler.py:handle_request():144] handle_request: status_report
2024-03-06 22:11:42,427 DEBUG   SenderThread:29002 [sender.py:send():380] send: stats
2024-03-06 22:11:44,432 DEBUG   HandlerThread:29002 [handler.py:handle_request():144] handle_request: status_report
2024-03-06 22:11:49,443 DEBUG   HandlerThread:29002 [handler.py:handle_request():144] handle_request: status_report
2024-03-06 22:11:50,095 DEBUG   HandlerThread:29002 [handler.py:handle_request():144] handle_request: internal_messages
2024-03-06 22:11:50,102 DEBUG   HandlerThread:29002 [handler.py:handle_request():144] handle_request: stop_status
2024-03-06 22:11:50,103 DEBUG   SenderThread:29002 [sender.py:send_request():407] send_request: stop_status
2024-03-06 22:11:55,331 DEBUG   HandlerThread:29002 [handler.py:handle_request():144] handle_request: status_report
2024-03-06 22:12:00,350 DEBUG   HandlerThread:29002 [handler.py:handle_request():144] handle_request: status_report
2024-03-06 22:12:05,095 DEBUG   HandlerThread:29002 [handler.py:handle_request():144] handle_request: internal_messages
2024-03-06 22:12:05,103 DEBUG   HandlerThread:29002 [handler.py:handle_request():144] handle_request: stop_status
2024-03-06 22:12:05,103 DEBUG   SenderThread:29002 [sender.py:send_request():407] send_request: stop_status
2024-03-06 22:12:05,439 DEBUG   HandlerThread:29002 [handler.py:handle_request():144] handle_request: status_report
2024-03-06 22:12:10,445 DEBUG   HandlerThread:29002 [handler.py:handle_request():144] handle_request: status_report
2024-03-06 22:12:12,431 DEBUG   SenderThread:29002 [sender.py:send():380] send: stats
2024-03-06 22:12:16,441 DEBUG   HandlerThread:29002 [handler.py:handle_request():144] handle_request: status_report
2024-03-06 22:12:20,096 DEBUG   HandlerThread:29002 [handler.py:handle_request():144] handle_request: internal_messages
2024-03-06 22:12:20,103 DEBUG   HandlerThread:29002 [handler.py:handle_request():144] handle_request: stop_status
2024-03-06 22:12:20,104 DEBUG   SenderThread:29002 [sender.py:send_request():407] send_request: stop_status
2024-03-06 22:12:22,340 DEBUG   HandlerThread:29002 [handler.py:handle_request():144] handle_request: status_report
2024-03-06 22:12:27,354 DEBUG   HandlerThread:29002 [handler.py:handle_request():144] handle_request: status_report
2024-03-06 22:12:32,360 DEBUG   HandlerThread:29002 [handler.py:handle_request():144] handle_request: status_report
2024-03-06 22:12:35,096 DEBUG   HandlerThread:29002 [handler.py:handle_request():144] handle_request: internal_messages
2024-03-06 22:12:35,104 DEBUG   HandlerThread:29002 [handler.py:handle_request():144] handle_request: stop_status
2024-03-06 22:12:35,105 DEBUG   SenderThread:29002 [sender.py:send_request():407] send_request: stop_status
2024-03-06 22:12:38,317 DEBUG   HandlerThread:29002 [handler.py:handle_request():144] handle_request: status_report
2024-03-06 22:12:42,435 DEBUG   SenderThread:29002 [sender.py:send():380] send: stats
2024-03-06 22:12:43,440 DEBUG   HandlerThread:29002 [handler.py:handle_request():144] handle_request: status_report
2024-03-06 22:12:48,451 DEBUG   HandlerThread:29002 [handler.py:handle_request():144] handle_request: status_report
2024-03-06 22:12:50,096 DEBUG   HandlerThread:29002 [handler.py:handle_request():144] handle_request: internal_messages
2024-03-06 22:12:50,109 DEBUG   HandlerThread:29002 [handler.py:handle_request():144] handle_request: stop_status
2024-03-06 22:12:50,109 DEBUG   SenderThread:29002 [sender.py:send_request():407] send_request: stop_status
2024-03-06 22:12:53,511 DEBUG   HandlerThread:29002 [handler.py:handle_request():144] handle_request: status_report
2024-03-06 22:12:58,534 DEBUG   HandlerThread:29002 [handler.py:handle_request():144] handle_request: status_report
2024-03-06 22:13:03,549 DEBUG   HandlerThread:29002 [handler.py:handle_request():144] handle_request: status_report
2024-03-06 22:13:05,097 DEBUG   HandlerThread:29002 [handler.py:handle_request():144] handle_request: internal_messages
2024-03-06 22:13:05,117 DEBUG   HandlerThread:29002 [handler.py:handle_request():144] handle_request: stop_status
2024-03-06 22:13:05,124 DEBUG   SenderThread:29002 [sender.py:send_request():407] send_request: stop_status
2024-03-06 22:13:09,458 DEBUG   HandlerThread:29002 [handler.py:handle_request():144] handle_request: status_report
2024-03-06 22:13:12,437 DEBUG   SenderThread:29002 [sender.py:send():380] send: stats
2024-03-06 22:13:15,445 DEBUG   HandlerThread:29002 [handler.py:handle_request():144] handle_request: status_report
2024-03-06 22:13:20,097 DEBUG   HandlerThread:29002 [handler.py:handle_request():144] handle_request: internal_messages
2024-03-06 22:13:20,114 DEBUG   HandlerThread:29002 [handler.py:handle_request():144] handle_request: stop_status
2024-03-06 22:13:20,121 DEBUG   SenderThread:29002 [sender.py:send_request():407] send_request: stop_status
2024-03-06 22:13:21,368 DEBUG   HandlerThread:29002 [handler.py:handle_request():144] handle_request: status_report
2024-03-06 22:13:26,377 DEBUG   HandlerThread:29002 [handler.py:handle_request():144] handle_request: status_report
2024-03-06 22:13:31,380 DEBUG   HandlerThread:29002 [handler.py:handle_request():144] handle_request: status_report
2024-03-06 22:13:35,100 DEBUG   HandlerThread:29002 [handler.py:handle_request():144] handle_request: internal_messages
2024-03-06 22:13:35,117 DEBUG   HandlerThread:29002 [handler.py:handle_request():144] handle_request: stop_status
2024-03-06 22:13:35,120 DEBUG   SenderThread:29002 [sender.py:send_request():407] send_request: stop_status
2024-03-06 22:13:37,358 DEBUG   HandlerThread:29002 [handler.py:handle_request():144] handle_request: status_report
2024-03-06 22:13:42,377 DEBUG   HandlerThread:29002 [handler.py:handle_request():144] handle_request: status_report
2024-03-06 22:13:42,440 DEBUG   SenderThread:29002 [sender.py:send():380] send: stats
2024-03-06 22:13:47,467 DEBUG   HandlerThread:29002 [handler.py:handle_request():144] handle_request: status_report
2024-03-06 22:13:50,105 DEBUG   HandlerThread:29002 [handler.py:handle_request():144] handle_request: internal_messages
2024-03-06 22:13:50,122 DEBUG   HandlerThread:29002 [handler.py:handle_request():144] handle_request: stop_status
2024-03-06 22:13:50,126 DEBUG   SenderThread:29002 [sender.py:send_request():407] send_request: stop_status
2024-03-06 22:13:53,303 DEBUG   HandlerThread:29002 [handler.py:handle_request():144] handle_request: status_report
2024-03-06 22:13:58,311 DEBUG   HandlerThread:29002 [handler.py:handle_request():144] handle_request: status_report
2024-03-06 22:14:03,328 DEBUG   HandlerThread:29002 [handler.py:handle_request():144] handle_request: status_report
2024-03-06 22:14:05,108 DEBUG   HandlerThread:29002 [handler.py:handle_request():144] handle_request: internal_messages
2024-03-06 22:14:05,121 DEBUG   HandlerThread:29002 [handler.py:handle_request():144] handle_request: stop_status
2024-03-06 22:14:05,122 DEBUG   SenderThread:29002 [sender.py:send_request():407] send_request: stop_status
2024-03-06 22:14:09,304 DEBUG   HandlerThread:29002 [handler.py:handle_request():144] handle_request: status_report
2024-03-06 22:14:12,442 DEBUG   SenderThread:29002 [sender.py:send():380] send: stats
2024-03-06 22:14:14,453 DEBUG   HandlerThread:29002 [handler.py:handle_request():144] handle_request: status_report
2024-03-06 22:14:19,466 DEBUG   HandlerThread:29002 [handler.py:handle_request():144] handle_request: status_report
2024-03-06 22:14:20,111 DEBUG   HandlerThread:29002 [handler.py:handle_request():144] handle_request: internal_messages
2024-03-06 22:14:20,121 DEBUG   HandlerThread:29002 [handler.py:handle_request():144] handle_request: stop_status
2024-03-06 22:14:20,122 DEBUG   SenderThread:29002 [sender.py:send_request():407] send_request: stop_status
2024-03-06 22:14:25,322 DEBUG   HandlerThread:29002 [handler.py:handle_request():144] handle_request: status_report
2024-03-06 22:14:30,332 DEBUG   HandlerThread:29002 [handler.py:handle_request():144] handle_request: status_report
2024-03-06 22:14:35,113 DEBUG   HandlerThread:29002 [handler.py:handle_request():144] handle_request: internal_messages
2024-03-06 22:14:35,121 DEBUG   HandlerThread:29002 [handler.py:handle_request():144] handle_request: stop_status
2024-03-06 22:14:35,122 DEBUG   SenderThread:29002 [sender.py:send_request():407] send_request: stop_status
2024-03-06 22:14:36,331 DEBUG   HandlerThread:29002 [handler.py:handle_request():144] handle_request: status_report
2024-03-06 22:14:41,337 DEBUG   HandlerThread:29002 [handler.py:handle_request():144] handle_request: status_report
2024-03-06 22:14:42,445 DEBUG   SenderThread:29002 [sender.py:send():380] send: stats
2024-03-06 22:14:46,453 DEBUG   HandlerThread:29002 [handler.py:handle_request():144] handle_request: status_report
2024-03-06 22:14:50,114 DEBUG   HandlerThread:29002 [handler.py:handle_request():144] handle_request: internal_messages
2024-03-06 22:14:50,123 DEBUG   HandlerThread:29002 [handler.py:handle_request():144] handle_request: stop_status
2024-03-06 22:14:50,124 DEBUG   SenderThread:29002 [sender.py:send_request():407] send_request: stop_status
2024-03-06 22:14:52,311 DEBUG   HandlerThread:29002 [handler.py:handle_request():144] handle_request: status_report
2024-03-06 22:14:57,317 DEBUG   HandlerThread:29002 [handler.py:handle_request():144] handle_request: status_report
2024-03-06 22:15:02,329 DEBUG   HandlerThread:29002 [handler.py:handle_request():144] handle_request: status_report
2024-03-06 22:15:05,121 DEBUG   HandlerThread:29002 [handler.py:handle_request():144] handle_request: internal_messages
2024-03-06 22:15:05,127 DEBUG   HandlerThread:29002 [handler.py:handle_request():144] handle_request: stop_status
2024-03-06 22:15:05,128 DEBUG   SenderThread:29002 [sender.py:send_request():407] send_request: stop_status
2024-03-06 22:15:07,339 DEBUG   HandlerThread:29002 [handler.py:handle_request():144] handle_request: status_report
2024-03-06 22:15:12,350 DEBUG   HandlerThread:29002 [handler.py:handle_request():144] handle_request: status_report
2024-03-06 22:15:12,449 DEBUG   SenderThread:29002 [sender.py:send():380] send: stats
2024-03-06 22:15:17,471 DEBUG   HandlerThread:29002 [handler.py:handle_request():144] handle_request: status_report
2024-03-06 22:15:20,117 DEBUG   HandlerThread:29002 [handler.py:handle_request():144] handle_request: internal_messages
2024-03-06 22:15:20,130 DEBUG   HandlerThread:29002 [handler.py:handle_request():144] handle_request: stop_status
2024-03-06 22:15:20,130 DEBUG   SenderThread:29002 [sender.py:send_request():407] send_request: stop_status
2024-03-06 22:15:23,438 DEBUG   HandlerThread:29002 [handler.py:handle_request():144] handle_request: status_report
2024-03-06 22:15:28,442 DEBUG   HandlerThread:29002 [handler.py:handle_request():144] handle_request: status_report
2024-03-06 22:15:33,458 DEBUG   HandlerThread:29002 [handler.py:handle_request():144] handle_request: status_report
2024-03-06 22:15:35,118 DEBUG   HandlerThread:29002 [handler.py:handle_request():144] handle_request: internal_messages
2024-03-06 22:15:35,132 DEBUG   HandlerThread:29002 [handler.py:handle_request():144] handle_request: stop_status
2024-03-06 22:15:35,133 DEBUG   SenderThread:29002 [sender.py:send_request():407] send_request: stop_status
2024-03-06 22:15:38,460 DEBUG   HandlerThread:29002 [handler.py:handle_request():144] handle_request: status_report
2024-03-06 22:15:42,450 DEBUG   SenderThread:29002 [sender.py:send():380] send: stats
2024-03-06 22:15:44,458 DEBUG   HandlerThread:29002 [handler.py:handle_request():144] handle_request: status_report
2024-03-06 22:15:49,474 DEBUG   HandlerThread:29002 [handler.py:handle_request():144] handle_request: status_report
2024-03-06 22:15:50,118 DEBUG   HandlerThread:29002 [handler.py:handle_request():144] handle_request: internal_messages
2024-03-06 22:15:50,132 DEBUG   HandlerThread:29002 [handler.py:handle_request():144] handle_request: stop_status
2024-03-06 22:15:50,132 DEBUG   SenderThread:29002 [sender.py:send_request():407] send_request: stop_status
2024-03-06 22:15:55,334 DEBUG   HandlerThread:29002 [handler.py:handle_request():144] handle_request: status_report
2024-03-06 22:16:00,350 DEBUG   HandlerThread:29002 [handler.py:handle_request():144] handle_request: status_report
2024-03-06 22:16:05,120 DEBUG   HandlerThread:29002 [handler.py:handle_request():144] handle_request: internal_messages
2024-03-06 22:16:05,133 DEBUG   HandlerThread:29002 [handler.py:handle_request():144] handle_request: stop_status
2024-03-06 22:16:05,133 DEBUG   SenderThread:29002 [sender.py:send_request():407] send_request: stop_status
2024-03-06 22:16:05,405 DEBUG   HandlerThread:29002 [handler.py:handle_request():144] handle_request: status_report
2024-03-06 22:16:10,415 DEBUG   HandlerThread:29002 [handler.py:handle_request():144] handle_request: status_report
2024-03-06 22:16:12,452 DEBUG   SenderThread:29002 [sender.py:send():380] send: stats
2024-03-06 22:16:15,459 DEBUG   HandlerThread:29002 [handler.py:handle_request():144] handle_request: status_report
2024-03-06 22:16:20,143 DEBUG   HandlerThread:29002 [handler.py:handle_request():144] handle_request: internal_messages
2024-03-06 22:16:20,155 DEBUG   HandlerThread:29002 [handler.py:handle_request():144] handle_request: stop_status
2024-03-06 22:16:20,164 DEBUG   SenderThread:29002 [sender.py:send_request():407] send_request: stop_status
2024-03-06 22:16:21,322 DEBUG   HandlerThread:29002 [handler.py:handle_request():144] handle_request: status_report
2024-03-06 22:16:26,326 DEBUG   HandlerThread:29002 [handler.py:handle_request():144] handle_request: status_report
2024-03-06 22:16:31,329 DEBUG   HandlerThread:29002 [handler.py:handle_request():144] handle_request: status_report
2024-03-06 22:16:35,109 DEBUG   HandlerThread:29002 [handler.py:handle_request():144] handle_request: internal_messages
2024-03-06 22:16:35,121 DEBUG   HandlerThread:29002 [handler.py:handle_request():144] handle_request: stop_status
2024-03-06 22:16:35,122 DEBUG   SenderThread:29002 [sender.py:send_request():407] send_request: stop_status
2024-03-06 22:16:36,366 DEBUG   HandlerThread:29002 [handler.py:handle_request():144] handle_request: status_report
2024-03-06 22:17:58,595 DEBUG   SenderThread:29002 [sender.py:send():380] send: stats
2024-03-06 22:18:02,611 DEBUG   HandlerThread:29002 [handler.py:handle_request():144] handle_request: status_report
2024-03-06 22:18:06,267 DEBUG   HandlerThread:29002 [handler.py:handle_request():144] handle_request: internal_messages
2024-03-06 22:18:06,276 DEBUG   HandlerThread:29002 [handler.py:handle_request():144] handle_request: stop_status
2024-03-06 22:18:06,276 DEBUG   SenderThread:29002 [sender.py:send_request():407] send_request: stop_status
2024-03-06 22:18:11,291 DEBUG   HandlerThread:29002 [handler.py:handle_request():144] handle_request: keepalive
2024-03-06 22:18:16,324 DEBUG   HandlerThread:29002 [handler.py:handle_request():144] handle_request: keepalive
2024-03-06 22:18:21,278 DEBUG   HandlerThread:29002 [handler.py:handle_request():144] handle_request: internal_messages
2024-03-06 22:18:26,362 DEBUG   HandlerThread:29002 [handler.py:handle_request():144] handle_request: keepalive
2024-03-06 22:18:29,591 INFO    SenderThread:29002 [retry.py:__call__():172] Retry attempt failed:
Traceback (most recent call last):
  File "/Users/kelseydoerksen/opt/anaconda3/envs/giga/lib/python3.10/site-packages/urllib3/connection.py", line 174, in _new_conn
    conn = connection.create_connection(
  File "/Users/kelseydoerksen/opt/anaconda3/envs/giga/lib/python3.10/site-packages/urllib3/util/connection.py", line 72, in create_connection
    for res in socket.getaddrinfo(host, port, family, socket.SOCK_STREAM):
  File "/Users/kelseydoerksen/opt/anaconda3/envs/giga/lib/python3.10/socket.py", line 955, in getaddrinfo
    for res in _socket.getaddrinfo(host, port, family, type, proto, flags):
socket.gaierror: [Errno 8] nodename nor servname provided, or not known

During handling of the above exception, another exception occurred:

Traceback (most recent call last):
  File "/Users/kelseydoerksen/opt/anaconda3/envs/giga/lib/python3.10/site-packages/urllib3/connectionpool.py", line 703, in urlopen
    httplib_response = self._make_request(
  File "/Users/kelseydoerksen/opt/anaconda3/envs/giga/lib/python3.10/site-packages/urllib3/connectionpool.py", line 386, in _make_request
    self._validate_conn(conn)
  File "/Users/kelseydoerksen/opt/anaconda3/envs/giga/lib/python3.10/site-packages/urllib3/connectionpool.py", line 1042, in _validate_conn
    conn.connect()
  File "/Users/kelseydoerksen/opt/anaconda3/envs/giga/lib/python3.10/site-packages/urllib3/connection.py", line 358, in connect
    self.sock = conn = self._new_conn()
  File "/Users/kelseydoerksen/opt/anaconda3/envs/giga/lib/python3.10/site-packages/urllib3/connection.py", line 186, in _new_conn
    raise NewConnectionError(
urllib3.exceptions.NewConnectionError: <urllib3.connection.HTTPSConnection object at 0x7fbebf7f2d70>: Failed to establish a new connection: [Errno 8] nodename nor servname provided, or not known

During handling of the above exception, another exception occurred:

Traceback (most recent call last):
  File "/Users/kelseydoerksen/opt/anaconda3/envs/giga/lib/python3.10/site-packages/requests/adapters.py", line 489, in send
    resp = conn.urlopen(
  File "/Users/kelseydoerksen/opt/anaconda3/envs/giga/lib/python3.10/site-packages/urllib3/connectionpool.py", line 787, in urlopen
    retries = retries.increment(
  File "/Users/kelseydoerksen/opt/anaconda3/envs/giga/lib/python3.10/site-packages/urllib3/util/retry.py", line 592, in increment
    raise MaxRetryError(_pool, url, error or ResponseError(cause))
urllib3.exceptions.MaxRetryError: HTTPSConnectionPool(host='api.wandb.ai', port=443): Max retries exceeded with url: /graphql (Caused by NewConnectionError('<urllib3.connection.HTTPSConnection object at 0x7fbebf7f2d70>: Failed to establish a new connection: [Errno 8] nodename nor servname provided, or not known'))

During handling of the above exception, another exception occurred:

Traceback (most recent call last):
  File "/Users/kelseydoerksen/opt/anaconda3/envs/giga/lib/python3.10/site-packages/wandb/sdk/lib/retry.py", line 131, in __call__
    result = self._call_fn(*args, **kwargs)
  File "/Users/kelseydoerksen/opt/anaconda3/envs/giga/lib/python3.10/site-packages/wandb/sdk/internal/internal_api.py", line 366, in execute
    return self.client.execute(*args, **kwargs)  # type: ignore
  File "/Users/kelseydoerksen/opt/anaconda3/envs/giga/lib/python3.10/site-packages/wandb/vendor/gql-0.2.0/wandb_gql/client.py", line 52, in execute
    result = self._get_result(document, *args, **kwargs)
  File "/Users/kelseydoerksen/opt/anaconda3/envs/giga/lib/python3.10/site-packages/wandb/vendor/gql-0.2.0/wandb_gql/client.py", line 60, in _get_result
    return self.transport.execute(document, *args, **kwargs)
  File "/Users/kelseydoerksen/opt/anaconda3/envs/giga/lib/python3.10/site-packages/wandb/sdk/lib/gql_request.py", line 58, in execute
    request = self.session.post(self.url, **post_args)
  File "/Users/kelseydoerksen/opt/anaconda3/envs/giga/lib/python3.10/site-packages/requests/sessions.py", line 635, in post
    return self.request("POST", url, data=data, json=json, **kwargs)
  File "/Users/kelseydoerksen/opt/anaconda3/envs/giga/lib/python3.10/site-packages/requests/sessions.py", line 587, in request
    resp = self.send(prep, **send_kwargs)
  File "/Users/kelseydoerksen/opt/anaconda3/envs/giga/lib/python3.10/site-packages/requests/sessions.py", line 701, in send
    r = adapter.send(request, **kwargs)
  File "/Users/kelseydoerksen/opt/anaconda3/envs/giga/lib/python3.10/site-packages/requests/adapters.py", line 565, in send
    raise ConnectionError(e, request=request)
requests.exceptions.ConnectionError: HTTPSConnectionPool(host='api.wandb.ai', port=443): Max retries exceeded with url: /graphql (Caused by NewConnectionError('<urllib3.connection.HTTPSConnection object at 0x7fbebf7f2d70>: Failed to establish a new connection: [Errno 8] nodename nor servname provided, or not known'))
2024-03-06 22:18:31,381 DEBUG   HandlerThread:29002 [handler.py:handle_request():144] handle_request: keepalive
2024-03-06 22:18:36,284 DEBUG   HandlerThread:29002 [handler.py:handle_request():144] handle_request: internal_messages
2024-03-06 22:19:15,301 DEBUG   HandlerThread:29002 [handler.py:handle_request():144] handle_request: keepalive
2024-03-06 22:19:20,298 DEBUG   HandlerThread:29002 [handler.py:handle_request():144] handle_request: keepalive
2024-03-06 22:19:25,196 DEBUG   HandlerThread:29002 [handler.py:handle_request():144] handle_request: internal_messages
2024-03-06 22:19:30,343 DEBUG   HandlerThread:29002 [handler.py:handle_request():144] handle_request: keepalive
2024-03-06 22:19:35,368 DEBUG   HandlerThread:29002 [handler.py:handle_request():144] handle_request: keepalive
2024-03-06 22:19:40,204 DEBUG   HandlerThread:29002 [handler.py:handle_request():144] handle_request: internal_messages
2024-03-06 22:19:45,423 DEBUG   HandlerThread:29002 [handler.py:handle_request():144] handle_request: keepalive
2024-03-06 22:19:50,442 DEBUG   HandlerThread:29002 [handler.py:handle_request():144] handle_request: keepalive
2024-03-06 22:19:51,923 WARNING FileStreamThread:29002 [file_stream.py:request_with_retry():668] requests_with_retry encountered retryable exception: ('Connection aborted.', RemoteDisconnected('Remote end closed connection without response')). func: functools.partial(<bound method Session.post of <requests.sessions.Session object at 0x7fbebf67aef0>>, timeout=180), args: ('https://api.wandb.ai/files/kelsey-doerksen/giga-research/2skdb9ul/file_stream',), kwargs: {'json': {'files': {'wandb-events.jsonl': {'offset': 15, 'content': ['{"system.proc.memory.availableMB": 4841.57, "system.memory": 70.47, "system.proc.memory.rssMB": 136.81, "system.proc.memory.percent": 0.84, "system.cpu": 0.24, "system.cpu.0.cpu_percent": 100.0, "system.cpu.1.cpu_percent": 98.6, "system.cpu.2.cpu_percent": 100.0, "system.cpu.3.cpu_percent": 98.6, "system.cpu.4.cpu_percent": 100.0, "system.cpu.5.cpu_percent": 98.5, "system.cpu.6.cpu_percent": 100.0, "system.cpu.7.cpu_percent": 98.47, "system.proc.cpu.threads": 16, "system.network.sent": 3475251.2, "system.network.recv": 11719475.2, "system.disk.\\\\.usagePercent": 10.4, "system.disk.\\\\.usageGB": 9.43, "system.disk.in": 385.91, "system.disk.out": 796.73, "_wandb": true, "_timestamp": 1709763478.594901, "_runtime": 586.924093}']}}, 'dropped': 0}}
2024-03-06 22:19:54,071 WARNING FileStreamThread:29002 [file_stream.py:request_with_retry():668] requests_with_retry encountered retryable exception: HTTPSConnectionPool(host='api.wandb.ai', port=443): Max retries exceeded with url: /files/kelsey-doerksen/giga-research/2skdb9ul/file_stream (Caused by NewConnectionError('<urllib3.connection.HTTPSConnection object at 0x7fbebf76b790>: Failed to establish a new connection: [Errno 8] nodename nor servname provided, or not known')). func: functools.partial(<bound method Session.post of <requests.sessions.Session object at 0x7fbebf67aef0>>, timeout=180), args: ('https://api.wandb.ai/files/kelsey-doerksen/giga-research/2skdb9ul/file_stream',), kwargs: {'json': {'files': {'wandb-events.jsonl': {'offset': 15, 'content': ['{"system.proc.memory.availableMB": 4841.57, "system.memory": 70.47, "system.proc.memory.rssMB": 136.81, "system.proc.memory.percent": 0.84, "system.cpu": 0.24, "system.cpu.0.cpu_percent": 100.0, "system.cpu.1.cpu_percent": 98.6, "system.cpu.2.cpu_percent": 100.0, "system.cpu.3.cpu_percent": 98.6, "system.cpu.4.cpu_percent": 100.0, "system.cpu.5.cpu_percent": 98.5, "system.cpu.6.cpu_percent": 100.0, "system.cpu.7.cpu_percent": 98.47, "system.proc.cpu.threads": 16, "system.network.sent": 3475251.2, "system.network.recv": 11719475.2, "system.disk.\\\\.usagePercent": 10.4, "system.disk.\\\\.usageGB": 9.43, "system.disk.in": 385.91, "system.disk.out": 796.73, "_wandb": true, "_timestamp": 1709763478.594901, "_runtime": 586.924093}']}}, 'dropped': 0}}
2024-03-06 22:19:55,209 DEBUG   HandlerThread:29002 [handler.py:handle_request():144] handle_request: internal_messages
2024-03-06 22:19:58,826 WARNING FileStreamThread:29002 [file_stream.py:request_with_retry():668] requests_with_retry encountered retryable exception: HTTPSConnectionPool(host='api.wandb.ai', port=443): Max retries exceeded with url: /files/kelsey-doerksen/giga-research/2skdb9ul/file_stream (Caused by NewConnectionError('<urllib3.connection.HTTPSConnection object at 0x7fbebf769510>: Failed to establish a new connection: [Errno 8] nodename nor servname provided, or not known')). func: functools.partial(<bound method Session.post of <requests.sessions.Session object at 0x7fbebf67aef0>>, timeout=180), args: ('https://api.wandb.ai/files/kelsey-doerksen/giga-research/2skdb9ul/file_stream',), kwargs: {'json': {'files': {'wandb-events.jsonl': {'offset': 15, 'content': ['{"system.proc.memory.availableMB": 4841.57, "system.memory": 70.47, "system.proc.memory.rssMB": 136.81, "system.proc.memory.percent": 0.84, "system.cpu": 0.24, "system.cpu.0.cpu_percent": 100.0, "system.cpu.1.cpu_percent": 98.6, "system.cpu.2.cpu_percent": 100.0, "system.cpu.3.cpu_percent": 98.6, "system.cpu.4.cpu_percent": 100.0, "system.cpu.5.cpu_percent": 98.5, "system.cpu.6.cpu_percent": 100.0, "system.cpu.7.cpu_percent": 98.47, "system.proc.cpu.threads": 16, "system.network.sent": 3475251.2, "system.network.recv": 11719475.2, "system.disk.\\\\.usagePercent": 10.4, "system.disk.\\\\.usageGB": 9.43, "system.disk.in": 385.91, "system.disk.out": 796.73, "_wandb": true, "_timestamp": 1709763478.594901, "_runtime": 586.924093}']}}, 'dropped': 0}}
2024-03-06 22:20:38,640 DEBUG   HandlerThread:29002 [handler.py:handle_request():144] handle_request: keepalive
2024-03-06 22:20:43,651 DEBUG   HandlerThread:29002 [handler.py:handle_request():144] handle_request: keepalive
2024-03-06 22:20:45,311 WARNING FileStreamThread:29002 [file_stream.py:request_with_retry():668] requests_with_retry encountered retryable exception: HTTPSConnectionPool(host='api.wandb.ai', port=443): Max retries exceeded with url: /files/kelsey-doerksen/giga-research/2skdb9ul/file_stream (Caused by NewConnectionError('<urllib3.connection.HTTPSConnection object at 0x7fbebf769690>: Failed to establish a new connection: [Errno 8] nodename nor servname provided, or not known')). func: functools.partial(<bound method Session.post of <requests.sessions.Session object at 0x7fbebf67aef0>>, timeout=180), args: ('https://api.wandb.ai/files/kelsey-doerksen/giga-research/2skdb9ul/file_stream',), kwargs: {'json': {'files': {'wandb-events.jsonl': {'offset': 15, 'content': ['{"system.proc.memory.availableMB": 4841.57, "system.memory": 70.47, "system.proc.memory.rssMB": 136.81, "system.proc.memory.percent": 0.84, "system.cpu": 0.24, "system.cpu.0.cpu_percent": 100.0, "system.cpu.1.cpu_percent": 98.6, "system.cpu.2.cpu_percent": 100.0, "system.cpu.3.cpu_percent": 98.6, "system.cpu.4.cpu_percent": 100.0, "system.cpu.5.cpu_percent": 98.5, "system.cpu.6.cpu_percent": 100.0, "system.cpu.7.cpu_percent": 98.47, "system.proc.cpu.threads": 16, "system.network.sent": 3475251.2, "system.network.recv": 11719475.2, "system.disk.\\\\.usagePercent": 10.4, "system.disk.\\\\.usageGB": 9.43, "system.disk.in": 385.91, "system.disk.out": 796.73, "_wandb": true, "_timestamp": 1709763478.594901, "_runtime": 586.924093}']}}, 'dropped': 0}}
2024-03-06 22:20:47,446 DEBUG   HandlerThread:29002 [handler.py:handle_request():144] handle_request: internal_messages
2024-03-06 22:20:52,710 DEBUG   HandlerThread:29002 [handler.py:handle_request():144] handle_request: keepalive
2024-03-06 22:20:57,728 DEBUG   HandlerThread:29002 [handler.py:handle_request():144] handle_request: keepalive
2024-03-06 22:21:02,471 DEBUG   HandlerThread:29002 [handler.py:handle_request():144] handle_request: internal_messages
2024-03-06 22:21:05,162 WARNING FileStreamThread:29002 [file_stream.py:request_with_retry():668] requests_with_retry encountered retryable exception: HTTPSConnectionPool(host='api.wandb.ai', port=443): Max retries exceeded with url: /files/kelsey-doerksen/giga-research/2skdb9ul/file_stream (Caused by NewConnectionError('<urllib3.connection.HTTPSConnection object at 0x7fbebf7f0e50>: Failed to establish a new connection: [Errno 8] nodename nor servname provided, or not known')). func: functools.partial(<bound method Session.post of <requests.sessions.Session object at 0x7fbebf67aef0>>, timeout=180), args: ('https://api.wandb.ai/files/kelsey-doerksen/giga-research/2skdb9ul/file_stream',), kwargs: {'json': {'files': {'wandb-events.jsonl': {'offset': 15, 'content': ['{"system.proc.memory.availableMB": 4841.57, "system.memory": 70.47, "system.proc.memory.rssMB": 136.81, "system.proc.memory.percent": 0.84, "system.cpu": 0.24, "system.cpu.0.cpu_percent": 100.0, "system.cpu.1.cpu_percent": 98.6, "system.cpu.2.cpu_percent": 100.0, "system.cpu.3.cpu_percent": 98.6, "system.cpu.4.cpu_percent": 100.0, "system.cpu.5.cpu_percent": 98.5, "system.cpu.6.cpu_percent": 100.0, "system.cpu.7.cpu_percent": 98.47, "system.proc.cpu.threads": 16, "system.network.sent": 3475251.2, "system.network.recv": 11719475.2, "system.disk.\\\\.usagePercent": 10.4, "system.disk.\\\\.usageGB": 9.43, "system.disk.in": 385.91, "system.disk.out": 796.73, "_wandb": true, "_timestamp": 1709763478.594901, "_runtime": 586.924093}']}}, 'dropped': 0}}
2024-03-06 22:21:07,779 DEBUG   HandlerThread:29002 [handler.py:handle_request():144] handle_request: keepalive
2024-03-06 22:21:12,816 DEBUG   HandlerThread:29002 [handler.py:handle_request():144] handle_request: keepalive
2024-03-06 22:21:17,481 DEBUG   HandlerThread:29002 [handler.py:handle_request():144] handle_request: internal_messages
2024-03-06 22:38:39,553 DEBUG   HandlerThread:29002 [handler.py:handle_request():144] handle_request: keepalive
2024-03-06 22:38:44,573 DEBUG   HandlerThread:29002 [handler.py:handle_request():144] handle_request: keepalive
2024-03-06 22:38:48,787 DEBUG   HandlerThread:29002 [handler.py:handle_request():144] handle_request: internal_messages
2024-03-06 22:38:54,620 DEBUG   HandlerThread:29002 [handler.py:handle_request():144] handle_request: keepalive
2024-03-06 22:38:59,560 WARNING FileStreamThread:29002 [file_stream.py:request_with_retry():668] requests_with_retry encountered retryable exception: HTTPSConnectionPool(host='api.wandb.ai', port=443): Max retries exceeded with url: /files/kelsey-doerksen/giga-research/2skdb9ul/file_stream (Caused by NewConnectionError('<urllib3.connection.HTTPSConnection object at 0x7fbebf7f24d0>: Failed to establish a new connection: [Errno 8] nodename nor servname provided, or not known')). func: functools.partial(<bound method Session.post of <requests.sessions.Session object at 0x7fbebf67aef0>>, timeout=180), args: ('https://api.wandb.ai/files/kelsey-doerksen/giga-research/2skdb9ul/file_stream',), kwargs: {'json': {'files': {'wandb-events.jsonl': {'offset': 15, 'content': ['{"system.proc.memory.availableMB": 4841.57, "system.memory": 70.47, "system.proc.memory.rssMB": 136.81, "system.proc.memory.percent": 0.84, "system.cpu": 0.24, "system.cpu.0.cpu_percent": 100.0, "system.cpu.1.cpu_percent": 98.6, "system.cpu.2.cpu_percent": 100.0, "system.cpu.3.cpu_percent": 98.6, "system.cpu.4.cpu_percent": 100.0, "system.cpu.5.cpu_percent": 98.5, "system.cpu.6.cpu_percent": 100.0, "system.cpu.7.cpu_percent": 98.47, "system.proc.cpu.threads": 16, "system.network.sent": 3475251.2, "system.network.recv": 11719475.2, "system.disk.\\\\.usagePercent": 10.4, "system.disk.\\\\.usageGB": 9.43, "system.disk.in": 385.91, "system.disk.out": 796.73, "_wandb": true, "_timestamp": 1709763478.594901, "_runtime": 586.924093}']}}, 'dropped': 0}}
2024-03-06 22:38:59,643 DEBUG   HandlerThread:29002 [handler.py:handle_request():144] handle_request: keepalive
2024-03-06 22:39:03,832 DEBUG   HandlerThread:29002 [handler.py:handle_request():144] handle_request: internal_messages
2024-03-06 22:39:09,971 DEBUG   HandlerThread:29002 [handler.py:handle_request():144] handle_request: keepalive
2024-03-06 22:39:14,981 DEBUG   HandlerThread:29002 [handler.py:handle_request():144] handle_request: keepalive
2024-03-06 22:39:19,104 DEBUG   HandlerThread:29002 [handler.py:handle_request():144] handle_request: internal_messages
2024-03-06 22:39:24,635 DEBUG   SenderThread:29002 [sender.py:send():380] send: stats
2024-03-06 22:39:24,637 DEBUG   HandlerThread:29002 [handler.py:handle_request():144] handle_request: status_report
2024-03-06 22:39:24,642 DEBUG   SenderThread:29002 [sender.py:send():380] send: stats
2024-03-06 22:39:24,652 DEBUG   SenderThread:29002 [sender.py:send():380] send: stats
2024-03-06 22:39:24,657 DEBUG   SenderThread:29002 [sender.py:send():380] send: stats
2024-03-06 22:39:24,691 DEBUG   SenderThread:29002 [sender.py:send():380] send: stats
2024-03-06 22:39:25,005 DEBUG   HandlerThread:29002 [handler.py:handle_request():144] handle_request: keepalive
2024-03-06 22:39:26,398 DEBUG   SenderThread:29002 [sender.py:send():380] send: stats
2024-03-06 22:39:30,027 DEBUG   HandlerThread:29002 [handler.py:handle_request():144] handle_request: keepalive
2024-03-06 22:39:30,424 DEBUG   HandlerThread:29002 [handler.py:handle_request():144] handle_request: status_report
2024-03-07 00:17:08,682 DEBUG   HandlerThread:29002 [handler.py:handle_request():144] handle_request: internal_messages
2024-03-07 00:17:12,528 DEBUG   HandlerThread:29002 [handler.py:handle_request():144] handle_request: status_report
2024-03-07 00:17:14,518 DEBUG   HandlerThread:29002 [handler.py:handle_request():144] handle_request: keepalive
2024-03-07 00:17:17,540 DEBUG   HandlerThread:29002 [handler.py:handle_request():144] handle_request: status_report
2024-03-07 00:17:19,529 DEBUG   HandlerThread:29002 [handler.py:handle_request():144] handle_request: keepalive
2024-03-07 00:17:22,574 DEBUG   HandlerThread:29002 [handler.py:handle_request():144] handle_request: status_report
2024-03-07 00:17:23,611 DEBUG   HandlerThread:29002 [handler.py:handle_request():144] handle_request: internal_messages
2024-03-07 00:17:27,602 DEBUG   HandlerThread:29002 [handler.py:handle_request():144] handle_request: status_report
2024-03-07 00:17:29,564 DEBUG   HandlerThread:29002 [handler.py:handle_request():144] handle_request: keepalive
2024-03-07 00:17:30,899 DEBUG   SenderThread:29002 [sender.py:send():380] send: stats
2024-03-07 00:17:32,921 DEBUG   HandlerThread:29002 [handler.py:handle_request():144] handle_request: status_report
2024-03-07 00:17:34,587 DEBUG   HandlerThread:29002 [handler.py:handle_request():144] handle_request: keepalive
2024-03-07 00:25:26,951 DEBUG   HandlerThread:29002 [handler.py:handle_request():144] handle_request: status_report
2024-03-07 00:25:26,970 DEBUG   HandlerThread:29002 [handler.py:handle_request():144] handle_request: keepalive
2024-03-07 00:25:26,971 DEBUG   HandlerThread:29002 [handler.py:handle_request():144] handle_request: keepalive
2024-03-07 00:25:26,972 DEBUG   HandlerThread:29002 [handler.py:handle_request():144] handle_request: internal_messages
2024-03-07 00:25:26,986 DEBUG   SenderThread:29002 [sender.py:send():380] send: stats
2024-03-07 00:25:31,961 DEBUG   HandlerThread:29002 [handler.py:handle_request():144] handle_request: keepalive
2024-03-07 00:25:32,014 DEBUG   HandlerThread:29002 [handler.py:handle_request():144] handle_request: status_report
2024-03-07 00:25:36,969 DEBUG   HandlerThread:29002 [handler.py:handle_request():144] handle_request: keepalive
2024-03-07 00:25:37,021 DEBUG   HandlerThread:29002 [handler.py:handle_request():144] handle_request: status_report
2024-03-07 00:25:41,887 DEBUG   HandlerThread:29002 [handler.py:handle_request():144] handle_request: internal_messages
2024-03-07 00:25:42,033 DEBUG   HandlerThread:29002 [handler.py:handle_request():144] handle_request: status_report
2024-03-07 00:32:24,574 DEBUG   HandlerThread:29002 [handler.py:handle_request():144] handle_request: status_report
2024-03-07 00:32:24,605 DEBUG   HandlerThread:29002 [handler.py:handle_request():144] handle_request: keepalive
2024-03-07 00:32:29,567 DEBUG   HandlerThread:29002 [handler.py:handle_request():144] handle_request: status_report
2024-03-07 00:32:29,568 DEBUG   HandlerThread:29002 [handler.py:handle_request():144] handle_request: keepalive
2024-03-07 00:32:31,805 DEBUG   HandlerThread:29002 [handler.py:handle_request():144] handle_request: internal_messages
2024-03-07 00:32:35,566 DEBUG   HandlerThread:29002 [handler.py:handle_request():144] handle_request: status_report
2024-03-07 00:32:37,575 DEBUG   HandlerThread:29002 [handler.py:handle_request():144] handle_request: keepalive
2024-03-07 00:32:40,587 DEBUG   HandlerThread:29002 [handler.py:handle_request():144] handle_request: status_report
2024-03-07 00:32:42,601 DEBUG   HandlerThread:29002 [handler.py:handle_request():144] handle_request: keepalive
2024-03-07 00:32:45,607 DEBUG   HandlerThread:29002 [handler.py:handle_request():144] handle_request: status_report
2024-03-07 00:32:46,799 DEBUG   HandlerThread:29002 [handler.py:handle_request():144] handle_request: internal_messages
2024-03-07 00:32:50,615 DEBUG   HandlerThread:29002 [handler.py:handle_request():144] handle_request: status_report
2024-03-07 00:32:52,617 DEBUG   HandlerThread:29002 [handler.py:handle_request():144] handle_request: keepalive
2024-03-07 00:32:55,619 DEBUG   HandlerThread:29002 [handler.py:handle_request():144] handle_request: status_report
2024-03-07 02:33:01,560 DEBUG   HandlerThread:29002 [handler.py:handle_request():144] handle_request: status_report
2024-03-07 02:33:01,574 DEBUG   HandlerThread:29002 [handler.py:handle_request():144] handle_request: keepalive
2024-03-07 02:33:01,575 DEBUG   HandlerThread:29002 [handler.py:handle_request():144] handle_request: keepalive
2024-03-07 02:33:01,576 DEBUG   HandlerThread:29002 [handler.py:handle_request():144] handle_request: internal_messages
2024-03-07 02:33:01,716 DEBUG   SenderThread:29002 [sender.py:send():380] send: stats
2024-03-07 02:33:01,813 WARNING FileStreamThread:29002 [file_stream.py:request_with_retry():668] requests_with_retry encountered retryable exception: ('Connection aborted.', RemoteDisconnected('Remote end closed connection without response')). func: functools.partial(<bound method Session.post of <requests.sessions.Session object at 0x7fbebf67aef0>>, timeout=180), args: ('https://api.wandb.ai/files/kelsey-doerksen/giga-research/2skdb9ul/file_stream',), kwargs: {'json': {'files': {'wandb-events.jsonl': {'offset': 24, 'content': ['{"system.cpu": 0.14, "system.cpu.0.cpu_percent": 94.88, "system.cpu.1.cpu_percent": 78.97, "system.cpu.2.cpu_percent": 93.68, "system.cpu.3.cpu_percent": 78.68, "system.cpu.4.cpu_percent": 94.33, "system.cpu.5.cpu_percent": 79.15, "system.cpu.6.cpu_percent": 92.85, "system.cpu.7.cpu_percent": 79.21, "system.proc.cpu.threads": 16, "system.network.sent": 4912401.07, "system.network.recv": 17016149.33, "system.proc.memory.availableMB": 9787.61, "system.memory": 40.27, "system.proc.memory.rssMB": 27.73, "system.proc.memory.percent": 0.17, "system.disk.\\\\.usagePercent": 10.92, "system.disk.\\\\.usageGB": 9.43, "system.disk.in": 4426.53, "system.disk.out": 7039.91, "_wandb": true, "_timestamp": 1709778781.566867, "_runtime": 15889.896059}']}}, 'dropped': 0}}
2024-03-07 02:33:06,326 DEBUG   HandlerThread:29002 [handler.py:handle_request():144] handle_request: keepalive
2024-03-07 02:33:06,671 DEBUG   HandlerThread:29002 [handler.py:handle_request():144] handle_request: status_report
2024-03-07 02:33:11,330 DEBUG   HandlerThread:29002 [handler.py:handle_request():144] handle_request: keepalive
2024-03-07 02:33:11,686 DEBUG   HandlerThread:29002 [handler.py:handle_request():144] handle_request: status_report
2024-03-07 02:33:16,300 DEBUG   HandlerThread:29002 [handler.py:handle_request():144] handle_request: internal_messages
2024-03-07 02:33:16,706 DEBUG   HandlerThread:29002 [handler.py:handle_request():144] handle_request: status_report
2024-03-07 04:09:16,463 DEBUG   HandlerThread:29002 [handler.py:handle_request():144] handle_request: keepalive
2024-03-07 04:09:16,478 DEBUG   HandlerThread:29002 [handler.py:handle_request():144] handle_request: status_report
2024-03-07 04:09:21,255 DEBUG   HandlerThread:29002 [handler.py:handle_request():144] handle_request: keepalive
2024-03-07 04:09:22,443 DEBUG   HandlerThread:29002 [handler.py:handle_request():144] handle_request: status_report
2024-03-07 04:09:22,603 DEBUG   HandlerThread:29002 [handler.py:handle_request():144] handle_request: internal_messages
2024-03-07 04:09:22,795 DEBUG   SenderThread:29002 [sender.py:send():380] send: stats
2024-03-07 04:09:22,823 WARNING FileStreamThread:29002 [file_stream.py:request_with_retry():668] requests_with_retry encountered retryable exception: ('Connection aborted.', RemoteDisconnected('Remote end closed connection without response')). func: functools.partial(<bound method Session.post of <requests.sessions.Session object at 0x7fbebf67aef0>>, timeout=180), args: ('https://api.wandb.ai/files/kelsey-doerksen/giga-research/2skdb9ul/file_stream',), kwargs: {'json': {'files': {'wandb-events.jsonl': {'offset': 25, 'content': ['{"system.proc.memory.availableMB": 10067.35, "system.memory": 38.55, "system.proc.memory.rssMB": 13.14, "system.proc.memory.percent": 0.08, "system.network.sent": 5588309.33, "system.network.recv": 20714973.87, "system.disk.\\\\.usagePercent": 10.92, "system.disk.\\\\.usageGB": 9.43, "system.disk.in": 8273.05, "system.disk.out": 10697.77, "system.cpu": 0.26, "system.cpu.0.cpu_percent": 96.97, "system.cpu.1.cpu_percent": 91.11, "system.cpu.2.cpu_percent": 96.43, "system.cpu.3.cpu_percent": 91.33, "system.cpu.4.cpu_percent": 96.98, "system.cpu.5.cpu_percent": 91.22, "system.cpu.6.cpu_percent": 96.46, "system.cpu.7.cpu_percent": 91.22, "system.proc.cpu.threads": 16, "_wandb": true, "_timestamp": 1709784562.79087, "_runtime": 21671.120062}']}}, 'dropped': 0}}
2024-03-07 04:09:27,811 DEBUG   HandlerThread:29002 [handler.py:handle_request():144] handle_request: status_report
2024-03-07 04:09:28,278 DEBUG   HandlerThread:29002 [handler.py:handle_request():144] handle_request: keepalive
2024-03-07 04:09:32,821 DEBUG   HandlerThread:29002 [handler.py:handle_request():144] handle_request: status_report
2024-03-07 04:09:33,282 DEBUG   HandlerThread:29002 [handler.py:handle_request():144] handle_request: keepalive
2024-03-07 04:09:37,601 DEBUG   HandlerThread:29002 [handler.py:handle_request():144] handle_request: internal_messages
2024-03-07 04:09:37,831 DEBUG   HandlerThread:29002 [handler.py:handle_request():144] handle_request: status_report
2024-03-07 04:09:42,836 DEBUG   HandlerThread:29002 [handler.py:handle_request():144] handle_request: status_report
2024-03-07 04:14:45,226 DEBUG   HandlerThread:29002 [handler.py:handle_request():144] handle_request: status_report
2024-03-07 04:14:45,252 DEBUG   HandlerThread:29002 [handler.py:handle_request():144] handle_request: keepalive
2024-03-07 04:14:49,900 DEBUG   HandlerThread:29002 [handler.py:handle_request():144] handle_request: internal_messages
2024-03-07 04:14:50,105 DEBUG   SenderThread:29002 [sender.py:send():380] send: stats
2024-03-07 04:14:51,108 DEBUG   HandlerThread:29002 [handler.py:handle_request():144] handle_request: status_report
2024-03-07 04:14:55,636 DEBUG   HandlerThread:29002 [handler.py:handle_request():144] handle_request: keepalive
2024-03-07 04:14:56,651 DEBUG   HandlerThread:29002 [handler.py:handle_request():144] handle_request: status_report
2024-03-07 04:15:00,650 DEBUG   HandlerThread:29002 [handler.py:handle_request():144] handle_request: keepalive
2024-03-07 04:15:01,670 DEBUG   HandlerThread:29002 [handler.py:handle_request():144] handle_request: status_report
2024-03-07 04:15:04,905 DEBUG   HandlerThread:29002 [handler.py:handle_request():144] handle_request: internal_messages
2024-03-07 04:15:06,697 DEBUG   HandlerThread:29002 [handler.py:handle_request():144] handle_request: status_report
2024-03-07 04:15:10,709 DEBUG   HandlerThread:29002 [handler.py:handle_request():144] handle_request: keepalive
2024-03-07 04:15:11,730 DEBUG   HandlerThread:29002 [handler.py:handle_request():144] handle_request: status_report
2024-03-07 04:15:15,730 DEBUG   HandlerThread:29002 [handler.py:handle_request():144] handle_request: keepalive
2024-03-07 04:15:16,780 DEBUG   HandlerThread:29002 [handler.py:handle_request():144] handle_request: status_report
2024-03-07 04:15:19,918 DEBUG   HandlerThread:29002 [handler.py:handle_request():144] handle_request: internal_messages
2024-03-07 04:15:20,121 DEBUG   SenderThread:29002 [sender.py:send():380] send: stats
2024-03-07 04:15:20,189 WARNING FileStreamThread:29002 [file_stream.py:request_with_retry():668] requests_with_retry encountered retryable exception: ('Connection aborted.', RemoteDisconnected('Remote end closed connection without response')). func: functools.partial(<bound method Session.post of <requests.sessions.Session object at 0x7fbebf67aef0>>, timeout=180), args: ('https://api.wandb.ai/files/kelsey-doerksen/giga-research/2skdb9ul/file_stream',), kwargs: {'json': {'files': {'wandb-events.jsonl': {'offset': 27, 'content': ['{"system.disk.\\\\.usagePercent": 10.98, "system.disk.\\\\.usageGB": 9.43, "system.disk.in": 14703.4, "system.disk.out": 16857.01, "system.cpu": 0.18, "system.cpu.0.cpu_percent": 92.63, "system.cpu.1.cpu_percent": 81.78, "system.cpu.2.cpu_percent": 93.43, "system.cpu.3.cpu_percent": 82.45, "system.cpu.4.cpu_percent": 93.56, "system.cpu.5.cpu_percent": 82.48, "system.cpu.6.cpu_percent": 91.49, "system.cpu.7.cpu_percent": 82.65, "system.proc.cpu.threads": 16, "system.proc.memory.availableMB": 10943.9, "system.memory": 33.21, "system.proc.memory.rssMB": 12.73, "system.proc.memory.percent": 0.08, "system.network.sent": 7213329.07, "system.network.recv": 34734421.33, "_wandb": true, "_timestamp": 1709784920.111403, "_runtime": 22028.440595}']}}, 'dropped': 0}}
2024-03-07 04:15:22,132 DEBUG   HandlerThread:29002 [handler.py:handle_request():144] handle_request: status_report
2024-03-07 04:15:25,781 DEBUG   HandlerThread:29002 [handler.py:handle_request():144] handle_request: keepalive
2024-03-07 04:15:27,162 DEBUG   HandlerThread:29002 [handler.py:handle_request():144] handle_request: status_report
2024-03-07 04:15:30,798 DEBUG   HandlerThread:29002 [handler.py:handle_request():144] handle_request: keepalive
2024-03-07 04:15:32,180 DEBUG   HandlerThread:29002 [handler.py:handle_request():144] handle_request: status_report
2024-03-07 04:15:34,924 DEBUG   HandlerThread:29002 [handler.py:handle_request():144] handle_request: internal_messages
2024-03-07 07:11:59,759 DEBUG   HandlerThread:29002 [handler.py:handle_request():144] handle_request: status_report
2024-03-07 07:12:01,490 DEBUG   HandlerThread:29002 [handler.py:handle_request():144] handle_request: keepalive
2024-03-07 07:12:05,493 DEBUG   HandlerThread:29002 [handler.py:handle_request():144] handle_request: status_report
2024-03-07 07:12:06,019 DEBUG   SenderThread:29002 [sender.py:send():380] send: exit
2024-03-07 07:12:06,019 INFO    SenderThread:29002 [sender.py:send_exit():585] handling exit code: 255
2024-03-07 07:12:06,024 INFO    SenderThread:29002 [sender.py:send_exit():587] handling runtime: 32633
2024-03-07 07:12:06,026 INFO    SenderThread:29002 [sender.py:_save_file():1378] saving file wandb-summary.json with policy end
2024-03-07 07:12:06,031 INFO    SenderThread:29002 [sender.py:send_exit():593] send defer
2024-03-07 07:12:06,032 DEBUG   HandlerThread:29002 [handler.py:handle_request():144] handle_request: defer
2024-03-07 07:12:06,036 INFO    HandlerThread:29002 [handler.py:handle_request_defer():170] handle defer: 0
2024-03-07 07:12:06,037 DEBUG   SenderThread:29002 [sender.py:send_request():407] send_request: defer
2024-03-07 07:12:06,037 INFO    SenderThread:29002 [sender.py:send_request_defer():609] handle sender defer: 0
2024-03-07 07:12:06,037 INFO    SenderThread:29002 [sender.py:transition_state():613] send defer: 1
2024-03-07 07:12:06,038 DEBUG   HandlerThread:29002 [handler.py:handle_request():144] handle_request: defer
2024-03-07 07:12:06,038 INFO    HandlerThread:29002 [handler.py:handle_request_defer():170] handle defer: 1
2024-03-07 07:12:06,038 DEBUG   SenderThread:29002 [sender.py:send_request():407] send_request: defer
2024-03-07 07:12:06,038 INFO    SenderThread:29002 [sender.py:send_request_defer():609] handle sender defer: 1
2024-03-07 07:12:06,038 INFO    SenderThread:29002 [sender.py:transition_state():613] send defer: 2
2024-03-07 07:12:06,039 DEBUG   HandlerThread:29002 [handler.py:handle_request():144] handle_request: defer
2024-03-07 07:12:06,039 INFO    HandlerThread:29002 [handler.py:handle_request_defer():170] handle defer: 2
2024-03-07 07:12:06,039 INFO    HandlerThread:29002 [system_monitor.py:finish():190] Stopping system monitor
2024-03-07 07:12:06,039 DEBUG   SystemMonitor:29002 [system_monitor.py:_start():166] Finished system metrics aggregation loop
2024-03-07 07:12:06,039 DEBUG   SystemMonitor:29002 [system_monitor.py:_start():170] Publishing last batch of metrics
2024-03-07 07:12:06,041 INFO    HandlerThread:29002 [interfaces.py:finish():202] Joined cpu monitor
2024-03-07 07:12:06,041 INFO    HandlerThread:29002 [interfaces.py:finish():202] Joined disk monitor
2024-03-07 07:12:06,042 INFO    HandlerThread:29002 [interfaces.py:finish():202] Joined memory monitor
2024-03-07 07:12:06,042 INFO    HandlerThread:29002 [interfaces.py:finish():202] Joined network monitor
2024-03-07 07:12:06,043 DEBUG   SenderThread:29002 [sender.py:send_request():407] send_request: defer
2024-03-07 07:12:06,043 INFO    SenderThread:29002 [sender.py:send_request_defer():609] handle sender defer: 2
2024-03-07 07:12:06,043 INFO    SenderThread:29002 [sender.py:transition_state():613] send defer: 3
2024-03-07 07:12:06,043 DEBUG   SenderThread:29002 [sender.py:send():380] send: stats
2024-03-07 07:12:06,043 DEBUG   HandlerThread:29002 [handler.py:handle_request():144] handle_request: defer
2024-03-07 07:12:06,044 INFO    HandlerThread:29002 [handler.py:handle_request_defer():170] handle defer: 3
2024-03-07 07:12:06,044 DEBUG   SenderThread:29002 [sender.py:send_request():407] send_request: defer
2024-03-07 07:12:06,044 INFO    SenderThread:29002 [sender.py:send_request_defer():609] handle sender defer: 3
2024-03-07 07:12:06,044 INFO    SenderThread:29002 [sender.py:transition_state():613] send defer: 4
2024-03-07 07:12:06,044 DEBUG   HandlerThread:29002 [handler.py:handle_request():144] handle_request: defer
2024-03-07 07:12:06,045 INFO    HandlerThread:29002 [handler.py:handle_request_defer():170] handle defer: 4
2024-03-07 07:12:06,045 DEBUG   SenderThread:29002 [sender.py:send_request():407] send_request: defer
2024-03-07 07:12:06,045 INFO    SenderThread:29002 [sender.py:send_request_defer():609] handle sender defer: 4
2024-03-07 07:12:06,045 INFO    SenderThread:29002 [sender.py:transition_state():613] send defer: 5
2024-03-07 07:12:06,045 DEBUG   HandlerThread:29002 [handler.py:handle_request():144] handle_request: defer
2024-03-07 07:12:06,046 INFO    HandlerThread:29002 [handler.py:handle_request_defer():170] handle defer: 5
2024-03-07 07:12:06,046 DEBUG   SenderThread:29002 [sender.py:send():380] send: summary
2024-03-07 07:12:06,047 INFO    SenderThread:29002 [sender.py:_save_file():1378] saving file wandb-summary.json with policy end
2024-03-07 07:12:06,047 DEBUG   SenderThread:29002 [sender.py:send_request():407] send_request: defer
2024-03-07 07:12:06,047 INFO    SenderThread:29002 [sender.py:send_request_defer():609] handle sender defer: 5
2024-03-07 07:12:06,047 INFO    SenderThread:29002 [sender.py:transition_state():613] send defer: 6
2024-03-07 07:12:06,048 DEBUG   HandlerThread:29002 [handler.py:handle_request():144] handle_request: defer
2024-03-07 07:12:06,048 INFO    HandlerThread:29002 [handler.py:handle_request_defer():170] handle defer: 6
2024-03-07 07:12:06,048 DEBUG   SenderThread:29002 [sender.py:send_request():407] send_request: defer
2024-03-07 07:12:06,049 INFO    SenderThread:29002 [sender.py:send_request_defer():609] handle sender defer: 6
2024-03-07 07:12:06,049 INFO    SenderThread:29002 [sender.py:transition_state():613] send defer: 7
2024-03-07 07:12:06,049 DEBUG   HandlerThread:29002 [handler.py:handle_request():144] handle_request: status_report
2024-03-07 07:12:06,050 DEBUG   HandlerThread:29002 [handler.py:handle_request():144] handle_request: defer
2024-03-07 07:12:06,050 INFO    HandlerThread:29002 [handler.py:handle_request_defer():170] handle defer: 7
2024-03-07 07:12:06,050 DEBUG   SenderThread:29002 [sender.py:send_request():407] send_request: defer
2024-03-07 07:12:06,050 INFO    SenderThread:29002 [sender.py:send_request_defer():609] handle sender defer: 7
2024-03-07 07:12:06,065 WARNING FileStreamThread:29002 [file_stream.py:request_with_retry():668] requests_with_retry encountered retryable exception: ('Connection aborted.', RemoteDisconnected('Remote end closed connection without response')). func: functools.partial(<bound method Session.post of <requests.sessions.Session object at 0x7fbebf67aef0>>, timeout=180), args: ('https://api.wandb.ai/files/kelsey-doerksen/giga-research/2skdb9ul/file_stream',), kwargs: {'json': {'files': {'wandb-summary.json': {'offset': 0, 'content': ['{"_wandb": {"runtime": 32633}}']}}, 'dropped': 0}}
2024-03-07 07:12:06,506 INFO    Thread-12 :29002 [dir_watcher.py:_on_file_created():271] file/dir created: /Users/kelseydoerksen/code/giga-connectivity/wandb/run-20240306_220811-2skdb9ul/files/wandb-summary.json
2024-03-07 07:12:07,029 DEBUG   HandlerThread:29002 [handler.py:handle_request():144] handle_request: poll_exit
2024-03-07 07:12:07,973 INFO    SenderThread:29002 [sender.py:transition_state():613] send defer: 8
2024-03-07 07:12:07,973 DEBUG   SenderThread:29002 [sender.py:send_request():407] send_request: poll_exit
2024-03-07 07:12:07,975 DEBUG   HandlerThread:29002 [handler.py:handle_request():144] handle_request: defer
2024-03-07 07:12:07,975 INFO    HandlerThread:29002 [handler.py:handle_request_defer():170] handle defer: 8
2024-03-07 07:12:07,975 DEBUG   SenderThread:29002 [sender.py:send_request():407] send_request: defer
2024-03-07 07:12:07,975 INFO    SenderThread:29002 [sender.py:send_request_defer():609] handle sender defer: 8
2024-03-07 07:12:07,976 INFO    SenderThread:29002 [job_builder.py:build():281] Attempting to build job artifact
2024-03-07 07:12:07,979 INFO    SenderThread:29002 [job_builder.py:_get_source_type():393] is repo sourced job
2024-03-07 07:12:07,992 INFO    SenderThread:29002 [job_builder.py:build():369] adding wandb-job metadata file
2024-03-07 07:12:08,016 INFO    SenderThread:29002 [sender.py:transition_state():613] send defer: 9
2024-03-07 07:12:08,017 DEBUG   HandlerThread:29002 [handler.py:handle_request():144] handle_request: defer
2024-03-07 07:12:08,018 DEBUG   SenderThread:29002 [sender.py:send():380] send: artifact
2024-03-07 07:12:08,018 INFO    HandlerThread:29002 [handler.py:handle_request_defer():170] handle defer: 9
2024-03-07 07:12:08,033 DEBUG   HandlerThread:29002 [handler.py:handle_request():144] handle_request: poll_exit
2024-03-07 07:12:08,523 INFO    Thread-12 :29002 [dir_watcher.py:_on_file_modified():288] file/dir modified: /Users/kelseydoerksen/code/giga-connectivity/wandb/run-20240306_220811-2skdb9ul/files/output.log
2024-03-07 07:12:10,229 INFO    SenderThread:29002 [sender.py:send_artifact():1456] sent artifact job-git_github.com_kelsdoerksen_giga-connectivity.git_run_pipeline.py - {'id': 'QXJ0aWZhY3Q6NzI2OTEyNzgz', 'state': 'COMMITTED', 'artifactSequence': {'id': 'QXJ0aWZhY3RDb2xsZWN0aW9uOjEzNTAwNDI3Ng==', 'latestArtifact': {'id': 'QXJ0aWZhY3Q6NzQ0Mjk3MTc0', 'versionIndex': 39}}}
2024-03-07 07:12:10,230 DEBUG   SenderThread:29002 [sender.py:send_request():407] send_request: defer
2024-03-07 07:12:10,230 INFO    SenderThread:29002 [sender.py:send_request_defer():609] handle sender defer: 9
2024-03-07 07:12:10,230 INFO    SenderThread:29002 [dir_watcher.py:finish():358] shutting down directory watcher
2024-03-07 07:12:10,551 INFO    SenderThread:29002 [dir_watcher.py:finish():388] scan: /Users/kelseydoerksen/code/giga-connectivity/wandb/run-20240306_220811-2skdb9ul/files
2024-03-07 07:12:10,551 INFO    SenderThread:29002 [dir_watcher.py:finish():402] scan save: /Users/kelseydoerksen/code/giga-connectivity/wandb/run-20240306_220811-2skdb9ul/files/requirements.txt requirements.txt
2024-03-07 07:12:10,552 INFO    SenderThread:29002 [dir_watcher.py:finish():402] scan save: /Users/kelseydoerksen/code/giga-connectivity/wandb/run-20240306_220811-2skdb9ul/files/output.log output.log
2024-03-07 07:12:10,554 INFO    SenderThread:29002 [dir_watcher.py:finish():402] scan save: /Users/kelseydoerksen/code/giga-connectivity/wandb/run-20240306_220811-2skdb9ul/files/config.yaml config.yaml
2024-03-07 07:12:10,558 INFO    SenderThread:29002 [dir_watcher.py:finish():402] scan save: /Users/kelseydoerksen/code/giga-connectivity/wandb/run-20240306_220811-2skdb9ul/files/wandb-summary.json wandb-summary.json
2024-03-07 07:12:10,562 INFO    SenderThread:29002 [dir_watcher.py:finish():402] scan save: /Users/kelseydoerksen/code/giga-connectivity/wandb/run-20240306_220811-2skdb9ul/files/conda-environment.yaml conda-environment.yaml
2024-03-07 07:12:10,565 INFO    SenderThread:29002 [dir_watcher.py:finish():402] scan save: /Users/kelseydoerksen/code/giga-connectivity/wandb/run-20240306_220811-2skdb9ul/files/wandb-metadata.json wandb-metadata.json
2024-03-07 07:12:10,565 INFO    SenderThread:29002 [sender.py:transition_state():613] send defer: 10
2024-03-07 07:12:10,566 DEBUG   SenderThread:29002 [sender.py:send_request():407] send_request: poll_exit
2024-03-07 07:12:10,568 DEBUG   HandlerThread:29002 [handler.py:handle_request():144] handle_request: defer
2024-03-07 07:12:10,569 INFO    HandlerThread:29002 [handler.py:handle_request_defer():170] handle defer: 10
2024-03-07 07:12:10,570 DEBUG   SenderThread:29002 [sender.py:send_request():407] send_request: defer
2024-03-07 07:12:10,570 INFO    SenderThread:29002 [sender.py:send_request_defer():609] handle sender defer: 10
2024-03-07 07:12:10,570 INFO    SenderThread:29002 [file_pusher.py:finish():175] shutting down file pusher
2024-03-07 07:12:11,075 INFO    wandb-upload_3:29002 [upload_job.py:push():131] Uploaded file /Users/kelseydoerksen/code/giga-connectivity/wandb/run-20240306_220811-2skdb9ul/files/wandb-summary.json
2024-03-07 07:12:11,077 INFO    wandb-upload_4:29002 [upload_job.py:push():131] Uploaded file /Users/kelseydoerksen/code/giga-connectivity/wandb/run-20240306_220811-2skdb9ul/files/conda-environment.yaml
2024-03-07 07:12:11,077 INFO    wandb-upload_0:29002 [upload_job.py:push():131] Uploaded file /Users/kelseydoerksen/code/giga-connectivity/wandb/run-20240306_220811-2skdb9ul/files/requirements.txt
2024-03-07 07:12:11,078 INFO    wandb-upload_2:29002 [upload_job.py:push():131] Uploaded file /Users/kelseydoerksen/code/giga-connectivity/wandb/run-20240306_220811-2skdb9ul/files/config.yaml
2024-03-07 07:12:13,047 DEBUG   HandlerThread:29002 [handler.py:handle_request():144] handle_request: keepalive
2024-03-07 07:12:15,584 DEBUG   HandlerThread:29002 [handler.py:handle_request():144] handle_request: status_report
2024-03-07 07:12:18,059 DEBUG   HandlerThread:29002 [handler.py:handle_request():144] handle_request: keepalive
2024-03-07 07:12:20,594 DEBUG   HandlerThread:29002 [handler.py:handle_request():144] handle_request: status_report
2024-03-07 07:12:23,076 DEBUG   HandlerThread:29002 [handler.py:handle_request():144] handle_request: keepalive
2024-03-07 07:12:25,608 DEBUG   HandlerThread:29002 [handler.py:handle_request():144] handle_request: status_report
2024-03-07 07:12:28,097 DEBUG   HandlerThread:29002 [handler.py:handle_request():144] handle_request: keepalive
2024-03-07 07:12:30,128 INFO    wandb-upload_1:29002 [upload_job.py:push():131] Uploaded file /Users/kelseydoerksen/code/giga-connectivity/wandb/run-20240306_220811-2skdb9ul/files/output.log
2024-03-07 07:12:30,333 INFO    Thread-11 (_thread_body):29002 [sender.py:transition_state():613] send defer: 11
2024-03-07 07:12:30,334 DEBUG   HandlerThread:29002 [handler.py:handle_request():144] handle_request: defer
2024-03-07 07:12:30,334 INFO    HandlerThread:29002 [handler.py:handle_request_defer():170] handle defer: 11
2024-03-07 07:12:30,336 DEBUG   SenderThread:29002 [sender.py:send_request():407] send_request: defer
2024-03-07 07:12:30,336 INFO    SenderThread:29002 [sender.py:send_request_defer():609] handle sender defer: 11
2024-03-07 07:12:30,336 INFO    SenderThread:29002 [file_pusher.py:join():181] waiting for file pusher
2024-03-07 07:12:30,336 INFO    SenderThread:29002 [sender.py:transition_state():613] send defer: 12
2024-03-07 07:12:30,337 DEBUG   HandlerThread:29002 [handler.py:handle_request():144] handle_request: defer
2024-03-07 07:12:30,337 INFO    HandlerThread:29002 [handler.py:handle_request_defer():170] handle defer: 12
2024-03-07 07:12:30,338 DEBUG   SenderThread:29002 [sender.py:send_request():407] send_request: defer
2024-03-07 07:12:30,338 INFO    SenderThread:29002 [sender.py:send_request_defer():609] handle sender defer: 12
2024-03-07 07:12:30,338 INFO    SenderThread:29002 [file_stream.py:finish():595] file stream finish called
2024-03-07 07:12:30,773 INFO    SenderThread:29002 [file_stream.py:finish():599] file stream finish is done
2024-03-07 07:12:30,774 INFO    SenderThread:29002 [sender.py:transition_state():613] send defer: 13
2024-03-07 07:12:30,774 DEBUG   HandlerThread:29002 [handler.py:handle_request():144] handle_request: defer
2024-03-07 07:12:30,775 INFO    HandlerThread:29002 [handler.py:handle_request_defer():170] handle defer: 13
2024-03-07 07:12:30,775 DEBUG   HandlerThread:29002 [handler.py:handle_request():144] handle_request: status_report
2024-03-07 07:12:30,776 DEBUG   SenderThread:29002 [sender.py:send_request():407] send_request: defer
2024-03-07 07:12:30,776 INFO    SenderThread:29002 [sender.py:send_request_defer():609] handle sender defer: 13
2024-03-07 07:12:30,779 INFO    SenderThread:29002 [sender.py:transition_state():613] send defer: 14
2024-03-07 07:12:30,781 DEBUG   HandlerThread:29002 [handler.py:handle_request():144] handle_request: defer
2024-03-07 07:12:30,781 INFO    HandlerThread:29002 [handler.py:handle_request_defer():170] handle defer: 14
2024-03-07 07:12:30,782 DEBUG   SenderThread:29002 [sender.py:send():380] send: final
2024-03-07 07:12:30,782 DEBUG   SenderThread:29002 [sender.py:send():380] send: footer
2024-03-07 07:12:30,782 DEBUG   SenderThread:29002 [sender.py:send_request():407] send_request: defer
2024-03-07 07:12:30,782 INFO    SenderThread:29002 [sender.py:send_request_defer():609] handle sender defer: 14
2024-03-07 07:12:30,784 DEBUG   HandlerThread:29002 [handler.py:handle_request():144] handle_request: poll_exit
2024-03-07 07:12:30,784 DEBUG   SenderThread:29002 [sender.py:send_request():407] send_request: poll_exit
2024-03-07 07:12:30,785 DEBUG   HandlerThread:29002 [handler.py:handle_request():144] handle_request: server_info
2024-03-07 07:12:30,786 DEBUG   SenderThread:29002 [sender.py:send_request():407] send_request: server_info
2024-03-07 07:12:30,789 DEBUG   HandlerThread:29002 [handler.py:handle_request():144] handle_request: get_summary
2024-03-07 07:12:30,791 DEBUG   HandlerThread:29002 [handler.py:handle_request():144] handle_request: sampled_history
2024-03-07 07:12:30,792 DEBUG   HandlerThread:29002 [handler.py:handle_request():144] handle_request: internal_messages
2024-03-07 07:12:30,793 DEBUG   HandlerThread:29002 [handler.py:handle_request():144] handle_request: job_info
2024-03-07 07:12:30,912 DEBUG   SenderThread:29002 [sender.py:send_request():407] send_request: job_info
2024-03-07 07:12:30,914 INFO    MainThread:29002 [wandb_run.py:_footer_history_summary_info():3554] rendering history
2024-03-07 07:12:30,914 INFO    MainThread:29002 [wandb_run.py:_footer_history_summary_info():3586] rendering summary
2024-03-07 07:12:30,914 INFO    MainThread:29002 [wandb_run.py:_footer_sync_info():3513] logging synced files
2024-03-07 07:12:30,919 DEBUG   HandlerThread:29002 [handler.py:handle_request():144] handle_request: shutdown
2024-03-07 07:12:30,919 INFO    HandlerThread:29002 [handler.py:finish():844] shutting down handler
2024-03-07 07:12:31,797 INFO    WriterThread:29002 [datastore.py:close():294] close: /Users/kelseydoerksen/code/giga-connectivity/wandb/run-20240306_220811-2skdb9ul/run-2skdb9ul.wandb
2024-03-07 07:12:31,918 INFO    SenderThread:29002 [sender.py:finish():1534] shutting down sender
2024-03-07 07:12:31,918 INFO    SenderThread:29002 [file_pusher.py:finish():175] shutting down file pusher
2024-03-07 07:12:31,918 INFO    SenderThread:29002 [file_pusher.py:join():181] waiting for file pusher
