/Users/kelseydoerksen/code/giga-connectivity/run_pipeline.py:164: FutureWarning: The default dtype for empty Series will be 'object' instead of 'float64' in a future version. Specify a dtype explicitly to silence this warning.
  test_latitudes = pd.Series(test_latitudes)
Creating instance of MLP model...
Fitting data...
The hard predictions were right 55.68% of the time
Running grid search cv...
Traceback (most recent call last):
  File "/Users/kelseydoerksen/opt/anaconda3/envs/giga/lib/python3.10/site-packages/joblib/parallel.py", line 938, in retrieve
    self._output.extend(job.get(timeout=self.timeout))
  File "/Users/kelseydoerksen/opt/anaconda3/envs/giga/lib/python3.10/site-packages/joblib/_parallel_backends.py", line 542, in wrap_future_result
    return future.result(timeout=timeout)
  File "/Users/kelseydoerksen/opt/anaconda3/envs/giga/lib/python3.10/concurrent/futures/_base.py", line 453, in result
    self._condition.wait(timeout)
  File "/Users/kelseydoerksen/opt/anaconda3/envs/giga/lib/python3.10/threading.py", line 320, in wait
    waiter.acquire()
KeyboardInterrupt
During handling of the above exception, another exception occurred:
Traceback (most recent call last):
  File "/Users/kelseydoerksen/opt/anaconda3/envs/giga/lib/python3.10/site-packages/sklearn/model_selection/_search.py", line 875, in fit
    self._run_search(evaluate_candidates)
  File "/Users/kelseydoerksen/opt/anaconda3/envs/giga/lib/python3.10/site-packages/sklearn/model_selection/_search.py", line 1389, in _run_search
    evaluate_candidates(ParameterGrid(self.param_grid))
  File "/Users/kelseydoerksen/opt/anaconda3/envs/giga/lib/python3.10/site-packages/sklearn/model_selection/_search.py", line 822, in evaluate_candidates
    out = parallel(
  File "/Users/kelseydoerksen/opt/anaconda3/envs/giga/lib/python3.10/site-packages/joblib/parallel.py", line 1061, in __call__
    self.retrieve()
  File "/Users/kelseydoerksen/opt/anaconda3/envs/giga/lib/python3.10/site-packages/joblib/parallel.py", line 960, in retrieve
    backend.abort_everything(ensure_ready=ensure_ready)
  File "/Users/kelseydoerksen/opt/anaconda3/envs/giga/lib/python3.10/site-packages/joblib/_parallel_backends.py", line 561, in abort_everything
    self._workers.terminate(kill_workers=True)
  File "/Users/kelseydoerksen/opt/anaconda3/envs/giga/lib/python3.10/site-packages/joblib/executor.py", line 74, in terminate
    self.shutdown(kill_workers=kill_workers)
  File "/Users/kelseydoerksen/opt/anaconda3/envs/giga/lib/python3.10/site-packages/joblib/externals/loky/process_executor.py", line 1185, in shutdown
    executor_manager_thread.join()
  File "/Users/kelseydoerksen/opt/anaconda3/envs/giga/lib/python3.10/threading.py", line 1096, in join
    self._wait_for_tstate_lock()
  File "/Users/kelseydoerksen/opt/anaconda3/envs/giga/lib/python3.10/threading.py", line 1116, in _wait_for_tstate_lock
    if lock.acquire(block, timeout):
KeyboardInterrupt
During handling of the above exception, another exception occurred:
Traceback (most recent call last):
  File "/Users/kelseydoerksen/code/giga-connectivity/run_pipeline.py", line 209, in <module>
    mlp.run_mlp(
  File "/Users/kelseydoerksen/code/giga-connectivity/classifiers/mlp.py", line 53, in run_mlp
    grid_search.fit(X_train, y_train)
  File "/Users/kelseydoerksen/opt/anaconda3/envs/giga/lib/python3.10/site-packages/sklearn/model_selection/_search.py", line 804, in fit
    with parallel:
  File "/Users/kelseydoerksen/opt/anaconda3/envs/giga/lib/python3.10/site-packages/joblib/parallel.py", line 732, in __exit__
    self._terminate_backend()
  File "/Users/kelseydoerksen/opt/anaconda3/envs/giga/lib/python3.10/site-packages/joblib/parallel.py", line 762, in _terminate_backend
    self._backend.terminate()
  File "/Users/kelseydoerksen/opt/anaconda3/envs/giga/lib/python3.10/site-packages/joblib/_parallel_backends.py", line 551, in terminate
    self._workers._temp_folder_manager._unlink_temporary_resources(
  File "/Users/kelseydoerksen/opt/anaconda3/envs/giga/lib/python3.10/site-packages/joblib/_memmapping_reducer.py", line 627, in _unlink_temporary_resources
    self._try_delete_folder(
  File "/Users/kelseydoerksen/opt/anaconda3/envs/giga/lib/python3.10/site-packages/joblib/_memmapping_reducer.py", line 654, in _try_delete_folder
    delete_folder(
  File "/Users/kelseydoerksen/opt/anaconda3/envs/giga/lib/python3.10/site-packages/joblib/disk.py", line 136, in delete_folder
    time.sleep(RM_SUBDIRS_RETRY_TIME)
KeyboardInterrupt