Creating instance of GB model...
Fitting data...
The hard predictions were right 80.59% of the time
Pre-tuned CV accuracies: [0.81889764 0.81102362 0.80314961 0.7480315  0.73015873]
Average pre-tuned CV accuracies: 0.782252218472691
Averged pre-tuned F1 : 0.7703705678485738
Running grid search cv...
Traceback (most recent call last):
  File "/Users/kelseydoerksen/opt/anaconda3/envs/giga/lib/python3.10/site-packages/joblib/parallel.py", line 938, in retrieve
    self._output.extend(job.get(timeout=self.timeout))
  File "/Users/kelseydoerksen/opt/anaconda3/envs/giga/lib/python3.10/site-packages/joblib/_parallel_backends.py", line 542, in wrap_future_result
    return future.result(timeout=timeout)
  File "/Users/kelseydoerksen/opt/anaconda3/envs/giga/lib/python3.10/concurrent/futures/_base.py", line 453, in result
    self._condition.wait(timeout)
  File "/Users/kelseydoerksen/opt/anaconda3/envs/giga/lib/python3.10/threading.py", line 320, in wait
    waiter.acquire()
KeyboardInterrupt
During handling of the above exception, another exception occurred:
Traceback (most recent call last):
  File "/Users/kelseydoerksen/opt/anaconda3/envs/giga/lib/python3.10/site-packages/sklearn/model_selection/_search.py", line 875, in fit
    self._run_search(evaluate_candidates)
  File "/Users/kelseydoerksen/opt/anaconda3/envs/giga/lib/python3.10/site-packages/sklearn/model_selection/_search.py", line 1389, in _run_search
    evaluate_candidates(ParameterGrid(self.param_grid))
  File "/Users/kelseydoerksen/opt/anaconda3/envs/giga/lib/python3.10/site-packages/sklearn/model_selection/_search.py", line 822, in evaluate_candidates
    out = parallel(
  File "/Users/kelseydoerksen/opt/anaconda3/envs/giga/lib/python3.10/site-packages/joblib/parallel.py", line 1061, in __call__
    self.retrieve()
  File "/Users/kelseydoerksen/opt/anaconda3/envs/giga/lib/python3.10/site-packages/joblib/parallel.py", line 960, in retrieve
    backend.abort_everything(ensure_ready=ensure_ready)
  File "/Users/kelseydoerksen/opt/anaconda3/envs/giga/lib/python3.10/site-packages/joblib/_parallel_backends.py", line 561, in abort_everything
    self._workers.terminate(kill_workers=True)
  File "/Users/kelseydoerksen/opt/anaconda3/envs/giga/lib/python3.10/site-packages/joblib/executor.py", line 74, in terminate
    self.shutdown(kill_workers=kill_workers)
  File "/Users/kelseydoerksen/opt/anaconda3/envs/giga/lib/python3.10/site-packages/joblib/externals/loky/process_executor.py", line 1185, in shutdown
    executor_manager_thread.join()
  File "/Users/kelseydoerksen/opt/anaconda3/envs/giga/lib/python3.10/threading.py", line 1096, in join
    self._wait_for_tstate_lock()
  File "/Users/kelseydoerksen/opt/anaconda3/envs/giga/lib/python3.10/threading.py", line 1116, in _wait_for_tstate_lock
    if lock.acquire(block, timeout):
KeyboardInterrupt
During handling of the above exception, another exception occurred:
Traceback (most recent call last):
  File "/Users/kelseydoerksen/code/giga-connectivity/run_pipeline.py", line 290, in <module>
    gb.run_gb(
  File "/Users/kelseydoerksen/code/giga-connectivity/classifiers/gb.py", line 64, in run_gb
    grid_search.fit(X_train, y_train)
  File "/Users/kelseydoerksen/opt/anaconda3/envs/giga/lib/python3.10/site-packages/sklearn/model_selection/_search.py", line 804, in fit
    with parallel:
  File "/Users/kelseydoerksen/opt/anaconda3/envs/giga/lib/python3.10/site-packages/joblib/parallel.py", line 732, in __exit__
    self._terminate_backend()
  File "/Users/kelseydoerksen/opt/anaconda3/envs/giga/lib/python3.10/site-packages/joblib/parallel.py", line 762, in _terminate_backend
    self._backend.terminate()
  File "/Users/kelseydoerksen/opt/anaconda3/envs/giga/lib/python3.10/site-packages/joblib/_parallel_backends.py", line 551, in terminate
    self._workers._temp_folder_manager._unlink_temporary_resources(
  File "/Users/kelseydoerksen/opt/anaconda3/envs/giga/lib/python3.10/site-packages/joblib/_memmapping_reducer.py", line 627, in _unlink_temporary_resources
    self._try_delete_folder(
  File "/Users/kelseydoerksen/opt/anaconda3/envs/giga/lib/python3.10/site-packages/joblib/_memmapping_reducer.py", line 654, in _try_delete_folder
    delete_folder(
  File "/Users/kelseydoerksen/opt/anaconda3/envs/giga/lib/python3.10/site-packages/joblib/disk.py", line 136, in delete_folder
    time.sleep(RM_SUBDIRS_RETRY_TIME)
KeyboardInterrupt