2024-05-29 00:03:24,767 INFO    StreamThr :26585 [internal.py:wandb_internal():86] W&B internal server running at pid: 26585, started at: 2024-05-29 00:03:24.766731
2024-05-29 00:03:24,769 DEBUG   HandlerThread:26585 [handler.py:handle_request():144] handle_request: status
2024-05-29 00:03:24,774 INFO    WriterThread:26585 [datastore.py:open_for_write():85] open: /Users/kelseydoerksen/code/giga-connectivity/wandb/run-20240529_000324-pawo29rv/run-pawo29rv.wandb
2024-05-29 00:03:24,775 DEBUG   SenderThread:26585 [sender.py:send():380] send: header
2024-05-29 00:03:24,812 DEBUG   SenderThread:26585 [sender.py:send():380] send: run
2024-05-29 00:03:24,813 INFO    SenderThread:26585 [sender.py:_maybe_setup_resume():759] checking resume status for None/giga-research/pawo29rv
2024-05-29 00:03:25,744 DEBUG   HandlerThread:26585 [handler.py:handle_request():144] handle_request: check_version
2024-05-29 00:03:25,746 INFO    SenderThread:26585 [dir_watcher.py:__init__():211] watching files in: /Users/kelseydoerksen/code/giga-connectivity/wandb/run-20240529_000324-pawo29rv/files
2024-05-29 00:03:25,746 INFO    SenderThread:26585 [sender.py:_start_run_threads():1122] run started: pawo29rv with start time 1716937404.768586
2024-05-29 00:03:25,747 DEBUG   SenderThread:26585 [sender.py:send_request():407] send_request: check_version
2024-05-29 00:03:27,828 DEBUG   HandlerThread:26585 [handler.py:handle_request():144] handle_request: run_start
2024-05-29 00:03:27,840 DEBUG   HandlerThread:26585 [system_info.py:__init__():32] System info init
2024-05-29 00:03:27,841 DEBUG   HandlerThread:26585 [system_info.py:__init__():47] System info init done
2024-05-29 00:03:27,841 INFO    HandlerThread:26585 [system_monitor.py:start():181] Starting system monitor
2024-05-29 00:03:27,841 INFO    SystemMonitor:26585 [system_monitor.py:_start():145] Starting system asset monitoring threads
2024-05-29 00:03:27,842 INFO    HandlerThread:26585 [system_monitor.py:probe():201] Collecting system info
2024-05-29 00:03:27,842 DEBUG   HandlerThread:26585 [system_info.py:probe():196] Probing system
2024-05-29 00:03:27,842 INFO    SystemMonitor:26585 [interfaces.py:start():190] Started cpu monitoring
2024-05-29 00:03:27,843 INFO    SystemMonitor:26585 [interfaces.py:start():190] Started disk monitoring
2024-05-29 00:03:27,845 INFO    SystemMonitor:26585 [interfaces.py:start():190] Started memory monitoring
2024-05-29 00:03:27,846 INFO    SystemMonitor:26585 [interfaces.py:start():190] Started network monitoring
2024-05-29 00:03:27,854 DEBUG   HandlerThread:26585 [system_info.py:_probe_git():181] Probing git
2024-05-29 00:03:27,894 DEBUG   HandlerThread:26585 [system_info.py:_probe_git():189] Probing git done
2024-05-29 00:03:27,895 DEBUG   HandlerThread:26585 [system_info.py:probe():244] Probing system done
2024-05-29 00:03:27,895 DEBUG   HandlerThread:26585 [system_monitor.py:probe():210] {'os': 'macOS-10.16-x86_64-i386-64bit', 'python': '3.10.9', 'heartbeatAt': '2024-05-28T23:03:27.842676', 'startedAt': '2024-05-28T23:03:24.755170', 'docker': None, 'cuda': None, 'args': ('--model', 'rf', '--aoi', 'BWA', '--buffer', '300', '--root_dir', '/Users/kelseydoerksen/Desktop/Giga/SchoolMapping', '--experiment_type', 'online', '--features', 'engineer', '--parameter_tuning', 'True', '--target', 'school', '--data_split', 'Chobe'), 'state': 'running', 'program': '/Users/kelseydoerksen/code/giga-connectivity/run_pipeline.py', 'codePathLocal': 'run_pipeline.py', 'codePath': 'run_pipeline.py', 'git': {'remote': 'git@github.com:kelsdoerksen/giga-connectivity.git', 'commit': 'dd92a3637407c1582121bb8bb9f530ca905c1333'}, 'email': 'kelseydoerksen@gmail.com', 'root': '/Users/kelseydoerksen/code/giga-connectivity', 'host': 'Kelseys-MacBook-Pro.local', 'username': 'kelseydoerksen', 'executable': '/Users/kelseydoerksen/opt/anaconda3/envs/giga/bin/python', 'cpu_count': 4, 'cpu_count_logical': 8, 'cpu_freq': {'current': 2300, 'min': 2300, 'max': 2300}, 'cpu_freq_per_core': [{'current': 2300, 'min': 2300, 'max': 2300}], 'disk': {'/': {'total': 465.62699127197266, 'used': 438.8095474243164}}, 'memory': {'total': 16.0}}
2024-05-29 00:03:27,895 INFO    HandlerThread:26585 [system_monitor.py:probe():211] Finished collecting system info
2024-05-29 00:03:27,895 INFO    HandlerThread:26585 [system_monitor.py:probe():214] Publishing system info
2024-05-29 00:03:27,895 DEBUG   HandlerThread:26585 [system_info.py:_save_pip():52] Saving list of pip packages installed into the current environment
2024-05-29 00:03:27,896 DEBUG   HandlerThread:26585 [system_info.py:_save_pip():68] Saving pip packages done
2024-05-29 00:03:27,896 DEBUG   HandlerThread:26585 [system_info.py:_save_conda():75] Saving list of conda packages installed into the current environment
2024-05-29 00:03:28,768 INFO    Thread-12 :26585 [dir_watcher.py:_on_file_created():271] file/dir created: /Users/kelseydoerksen/code/giga-connectivity/wandb/run-20240529_000324-pawo29rv/files/requirements.txt
2024-05-29 00:03:28,769 INFO    Thread-12 :26585 [dir_watcher.py:_on_file_created():271] file/dir created: /Users/kelseydoerksen/code/giga-connectivity/wandb/run-20240529_000324-pawo29rv/files/conda-environment.yaml
2024-05-29 00:03:36,677 DEBUG   HandlerThread:26585 [system_info.py:_save_conda():87] Saving conda packages done
2024-05-29 00:03:36,678 INFO    HandlerThread:26585 [system_monitor.py:probe():216] Finished publishing system info
2024-05-29 00:03:36,682 DEBUG   HandlerThread:26585 [handler.py:handle_request():144] handle_request: status_report
2024-05-29 00:03:36,683 DEBUG   HandlerThread:26585 [handler.py:handle_request():144] handle_request: keepalive
2024-05-29 00:03:36,683 DEBUG   HandlerThread:26585 [handler.py:handle_request():144] handle_request: status_report
2024-05-29 00:03:36,683 DEBUG   SenderThread:26585 [sender.py:send():380] send: files
2024-05-29 00:03:36,684 INFO    SenderThread:26585 [sender.py:_save_file():1378] saving file wandb-metadata.json with policy now
2024-05-29 00:03:36,691 DEBUG   SenderThread:26585 [sender.py:send():380] send: telemetry
2024-05-29 00:03:36,691 DEBUG   SenderThread:26585 [sender.py:send():380] send: config
2024-05-29 00:03:36,692 DEBUG   HandlerThread:26585 [handler.py:handle_request():144] handle_request: stop_status
2024-05-29 00:03:36,693 DEBUG   SenderThread:26585 [sender.py:send_request():407] send_request: stop_status
2024-05-29 00:03:36,694 DEBUG   HandlerThread:26585 [handler.py:handle_request():144] handle_request: internal_messages
2024-05-29 00:03:36,811 INFO    Thread-12 :26585 [dir_watcher.py:_on_file_modified():288] file/dir modified: /Users/kelseydoerksen/code/giga-connectivity/wandb/run-20240529_000324-pawo29rv/files/conda-environment.yaml
2024-05-29 00:03:36,812 INFO    Thread-12 :26585 [dir_watcher.py:_on_file_created():271] file/dir created: /Users/kelseydoerksen/code/giga-connectivity/wandb/run-20240529_000324-pawo29rv/files/wandb-metadata.json
2024-05-29 00:03:37,484 INFO    wandb-upload_0:26585 [upload_job.py:push():131] Uploaded file /var/folders/45/0gt2k_f526x1p6241p2jbczr0000gn/T/tmph91x9slrwandb/vly43hps-wandb-metadata.json
2024-05-29 00:03:37,815 INFO    Thread-12 :26585 [dir_watcher.py:_on_file_created():271] file/dir created: /Users/kelseydoerksen/code/giga-connectivity/wandb/run-20240529_000324-pawo29rv/files/output.log
2024-05-29 00:03:39,820 INFO    Thread-12 :26585 [dir_watcher.py:_on_file_modified():288] file/dir modified: /Users/kelseydoerksen/code/giga-connectivity/wandb/run-20240529_000324-pawo29rv/files/output.log
2024-05-29 00:03:40,267 DEBUG   HandlerThread:26585 [handler.py:handle_request():144] handle_request: status_report
2024-05-29 00:03:45,285 DEBUG   HandlerThread:26585 [handler.py:handle_request():144] handle_request: status_report
2024-05-29 00:03:50,310 DEBUG   HandlerThread:26585 [handler.py:handle_request():144] handle_request: status_report
2024-05-29 00:03:51,694 DEBUG   HandlerThread:26585 [handler.py:handle_request():144] handle_request: internal_messages
2024-05-29 00:03:51,695 DEBUG   HandlerThread:26585 [handler.py:handle_request():144] handle_request: stop_status
2024-05-29 00:03:51,695 DEBUG   SenderThread:26585 [sender.py:send_request():407] send_request: stop_status
2024-05-29 00:03:55,889 DEBUG   HandlerThread:26585 [handler.py:handle_request():144] handle_request: status_report
2024-05-29 00:03:56,891 INFO    Thread-12 :26585 [dir_watcher.py:_on_file_modified():288] file/dir modified: /Users/kelseydoerksen/code/giga-connectivity/wandb/run-20240529_000324-pawo29rv/files/config.yaml
2024-05-29 00:04:01,039 DEBUG   HandlerThread:26585 [handler.py:handle_request():144] handle_request: status_report
2024-05-29 00:04:06,058 DEBUG   HandlerThread:26585 [handler.py:handle_request():144] handle_request: status_report
2024-05-29 00:04:06,698 DEBUG   HandlerThread:26585 [handler.py:handle_request():144] handle_request: internal_messages
2024-05-29 00:04:06,698 DEBUG   HandlerThread:26585 [handler.py:handle_request():144] handle_request: stop_status
2024-05-29 00:04:06,699 DEBUG   SenderThread:26585 [sender.py:send_request():407] send_request: stop_status
2024-05-29 00:04:11,891 DEBUG   HandlerThread:26585 [handler.py:handle_request():144] handle_request: status_report
2024-05-29 00:04:16,920 DEBUG   HandlerThread:26585 [handler.py:handle_request():144] handle_request: status_report
2024-05-29 00:04:21,698 DEBUG   HandlerThread:26585 [handler.py:handle_request():144] handle_request: internal_messages
2024-05-29 00:04:21,699 DEBUG   HandlerThread:26585 [handler.py:handle_request():144] handle_request: stop_status
2024-05-29 00:04:21,699 DEBUG   SenderThread:26585 [sender.py:send_request():407] send_request: stop_status
2024-05-29 00:04:22,872 DEBUG   HandlerThread:26585 [handler.py:handle_request():144] handle_request: status_report
2024-05-29 00:04:27,842 DEBUG   SystemMonitor:26585 [system_monitor.py:_start():159] Starting system metrics aggregation loop
2024-05-29 00:04:27,843 DEBUG   SenderThread:26585 [sender.py:send():380] send: stats
2024-05-29 00:04:28,845 DEBUG   HandlerThread:26585 [handler.py:handle_request():144] handle_request: status_report
2024-05-29 00:04:33,864 DEBUG   HandlerThread:26585 [handler.py:handle_request():144] handle_request: status_report
2024-05-29 00:04:36,704 DEBUG   HandlerThread:26585 [handler.py:handle_request():144] handle_request: stop_status
2024-05-29 00:04:36,705 DEBUG   SenderThread:26585 [sender.py:send_request():407] send_request: stop_status
2024-05-29 00:04:36,707 DEBUG   HandlerThread:26585 [handler.py:handle_request():144] handle_request: internal_messages
2024-05-29 00:04:41,717 DEBUG   HandlerThread:26585 [handler.py:handle_request():144] handle_request: keepalive
2024-05-29 00:04:46,734 DEBUG   HandlerThread:26585 [handler.py:handle_request():144] handle_request: keepalive
2024-05-29 00:04:51,708 DEBUG   HandlerThread:26585 [handler.py:handle_request():144] handle_request: internal_messages
2024-05-29 00:04:56,771 DEBUG   HandlerThread:26585 [handler.py:handle_request():144] handle_request: keepalive
2024-05-29 00:05:01,779 DEBUG   HandlerThread:26585 [handler.py:handle_request():144] handle_request: keepalive
2024-05-29 00:05:06,708 DEBUG   HandlerThread:26585 [handler.py:handle_request():144] handle_request: internal_messages
2024-05-29 00:05:10,548 INFO    SenderThread:26585 [retry.py:__call__():172] Retry attempt failed:
Traceback (most recent call last):
  File "/Users/kelseydoerksen/opt/anaconda3/envs/giga/lib/python3.10/site-packages/urllib3/connection.py", line 174, in _new_conn
    conn = connection.create_connection(
  File "/Users/kelseydoerksen/opt/anaconda3/envs/giga/lib/python3.10/site-packages/urllib3/util/connection.py", line 95, in create_connection
    raise err
  File "/Users/kelseydoerksen/opt/anaconda3/envs/giga/lib/python3.10/site-packages/urllib3/util/connection.py", line 85, in create_connection
    sock.connect(sa)
OSError: [Errno 65] No route to host

During handling of the above exception, another exception occurred:

Traceback (most recent call last):
  File "/Users/kelseydoerksen/opt/anaconda3/envs/giga/lib/python3.10/site-packages/urllib3/connectionpool.py", line 703, in urlopen
    httplib_response = self._make_request(
  File "/Users/kelseydoerksen/opt/anaconda3/envs/giga/lib/python3.10/site-packages/urllib3/connectionpool.py", line 386, in _make_request
    self._validate_conn(conn)
  File "/Users/kelseydoerksen/opt/anaconda3/envs/giga/lib/python3.10/site-packages/urllib3/connectionpool.py", line 1042, in _validate_conn
    conn.connect()
  File "/Users/kelseydoerksen/opt/anaconda3/envs/giga/lib/python3.10/site-packages/urllib3/connection.py", line 358, in connect
    self.sock = conn = self._new_conn()
  File "/Users/kelseydoerksen/opt/anaconda3/envs/giga/lib/python3.10/site-packages/urllib3/connection.py", line 186, in _new_conn
    raise NewConnectionError(
urllib3.exceptions.NewConnectionError: <urllib3.connection.HTTPSConnection object at 0x7f817d1b7040>: Failed to establish a new connection: [Errno 65] No route to host

During handling of the above exception, another exception occurred:

Traceback (most recent call last):
  File "/Users/kelseydoerksen/opt/anaconda3/envs/giga/lib/python3.10/site-packages/requests/adapters.py", line 489, in send
    resp = conn.urlopen(
  File "/Users/kelseydoerksen/opt/anaconda3/envs/giga/lib/python3.10/site-packages/urllib3/connectionpool.py", line 787, in urlopen
    retries = retries.increment(
  File "/Users/kelseydoerksen/opt/anaconda3/envs/giga/lib/python3.10/site-packages/urllib3/util/retry.py", line 592, in increment
    raise MaxRetryError(_pool, url, error or ResponseError(cause))
urllib3.exceptions.MaxRetryError: HTTPSConnectionPool(host='api.wandb.ai', port=443): Max retries exceeded with url: /graphql (Caused by NewConnectionError('<urllib3.connection.HTTPSConnection object at 0x7f817d1b7040>: Failed to establish a new connection: [Errno 65] No route to host'))

During handling of the above exception, another exception occurred:

Traceback (most recent call last):
  File "/Users/kelseydoerksen/opt/anaconda3/envs/giga/lib/python3.10/site-packages/wandb/sdk/lib/retry.py", line 131, in __call__
    result = self._call_fn(*args, **kwargs)
  File "/Users/kelseydoerksen/opt/anaconda3/envs/giga/lib/python3.10/site-packages/wandb/sdk/internal/internal_api.py", line 366, in execute
    return self.client.execute(*args, **kwargs)  # type: ignore
  File "/Users/kelseydoerksen/opt/anaconda3/envs/giga/lib/python3.10/site-packages/wandb/vendor/gql-0.2.0/wandb_gql/client.py", line 52, in execute
    result = self._get_result(document, *args, **kwargs)
  File "/Users/kelseydoerksen/opt/anaconda3/envs/giga/lib/python3.10/site-packages/wandb/vendor/gql-0.2.0/wandb_gql/client.py", line 60, in _get_result
    return self.transport.execute(document, *args, **kwargs)
  File "/Users/kelseydoerksen/opt/anaconda3/envs/giga/lib/python3.10/site-packages/wandb/sdk/lib/gql_request.py", line 58, in execute
    request = self.session.post(self.url, **post_args)
  File "/Users/kelseydoerksen/opt/anaconda3/envs/giga/lib/python3.10/site-packages/requests/sessions.py", line 635, in post
    return self.request("POST", url, data=data, json=json, **kwargs)
  File "/Users/kelseydoerksen/opt/anaconda3/envs/giga/lib/python3.10/site-packages/requests/sessions.py", line 587, in request
    resp = self.send(prep, **send_kwargs)
  File "/Users/kelseydoerksen/opt/anaconda3/envs/giga/lib/python3.10/site-packages/requests/sessions.py", line 701, in send
    r = adapter.send(request, **kwargs)
  File "/Users/kelseydoerksen/opt/anaconda3/envs/giga/lib/python3.10/site-packages/requests/adapters.py", line 565, in send
    raise ConnectionError(e, request=request)
requests.exceptions.ConnectionError: HTTPSConnectionPool(host='api.wandb.ai', port=443): Max retries exceeded with url: /graphql (Caused by NewConnectionError('<urllib3.connection.HTTPSConnection object at 0x7f817d1b7040>: Failed to establish a new connection: [Errno 65] No route to host'))
2024-05-29 00:05:11,809 DEBUG   HandlerThread:26585 [handler.py:handle_request():144] handle_request: keepalive
2024-05-29 00:05:15,735 DEBUG   SenderThread:26585 [sender.py:send():380] send: stats
2024-05-29 00:05:15,735 DEBUG   HandlerThread:26585 [handler.py:handle_request():144] handle_request: status_report
2024-05-29 00:05:16,829 DEBUG   HandlerThread:26585 [handler.py:handle_request():144] handle_request: keepalive
2024-05-29 00:05:19,843 WARNING FileStreamThread:26585 [file_stream.py:request_with_retry():668] requests_with_retry encountered retryable exception: ('Connection aborted.', RemoteDisconnected('Remote end closed connection without response')). func: functools.partial(<bound method Session.post of <requests.sessions.Session object at 0x7f817cf0e6b0>>, timeout=180), args: ('https://api.wandb.ai/files/kelsey-doerksen/giga-research/pawo29rv/file_stream',), kwargs: {'json': {'complete': False, 'failed': False, 'dropped': 0, 'uploaded': []}}
2024-05-29 00:05:20,759 DEBUG   HandlerThread:26585 [handler.py:handle_request():144] handle_request: status_report
2024-05-29 00:05:21,709 DEBUG   HandlerThread:26585 [handler.py:handle_request():144] handle_request: internal_messages
2024-05-29 00:05:25,784 DEBUG   HandlerThread:26585 [handler.py:handle_request():144] handle_request: status_report
2024-05-29 00:05:26,878 DEBUG   HandlerThread:26585 [handler.py:handle_request():144] handle_request: keepalive
2024-05-29 00:05:27,857 DEBUG   SenderThread:26585 [sender.py:send():380] send: stats
2024-05-29 00:05:30,865 DEBUG   HandlerThread:26585 [handler.py:handle_request():144] handle_request: status_report
2024-05-29 00:05:31,886 DEBUG   HandlerThread:26585 [handler.py:handle_request():144] handle_request: keepalive
2024-05-29 00:05:35,886 DEBUG   HandlerThread:26585 [handler.py:handle_request():144] handle_request: status_report
2024-05-29 00:05:36,715 DEBUG   HandlerThread:26585 [handler.py:handle_request():144] handle_request: internal_messages
2024-05-29 00:05:40,911 DEBUG   HandlerThread:26585 [handler.py:handle_request():144] handle_request: status_report
2024-05-29 00:05:41,927 DEBUG   HandlerThread:26585 [handler.py:handle_request():144] handle_request: keepalive
2024-05-29 00:05:45,928 DEBUG   HandlerThread:26585 [handler.py:handle_request():144] handle_request: status_report
2024-05-29 00:05:46,934 DEBUG   HandlerThread:26585 [handler.py:handle_request():144] handle_request: keepalive
2024-05-29 00:05:50,938 DEBUG   HandlerThread:26585 [handler.py:handle_request():144] handle_request: status_report
2024-05-29 00:05:51,720 DEBUG   HandlerThread:26585 [handler.py:handle_request():144] handle_request: internal_messages
2024-05-29 00:05:55,957 DEBUG   HandlerThread:26585 [handler.py:handle_request():144] handle_request: status_report
2024-05-29 00:05:56,968 DEBUG   HandlerThread:26585 [handler.py:handle_request():144] handle_request: keepalive
2024-05-29 00:05:57,859 DEBUG   SenderThread:26585 [sender.py:send():380] send: stats
2024-05-29 00:06:01,879 DEBUG   HandlerThread:26585 [handler.py:handle_request():144] handle_request: status_report
2024-05-29 00:06:01,985 DEBUG   HandlerThread:26585 [handler.py:handle_request():144] handle_request: keepalive
2024-05-29 00:06:06,727 DEBUG   HandlerThread:26585 [handler.py:handle_request():144] handle_request: internal_messages
2024-05-29 00:06:06,907 DEBUG   HandlerThread:26585 [handler.py:handle_request():144] handle_request: status_report
2024-05-29 00:06:11,916 DEBUG   HandlerThread:26585 [handler.py:handle_request():144] handle_request: status_report
2024-05-29 00:06:12,013 DEBUG   HandlerThread:26585 [handler.py:handle_request():144] handle_request: keepalive
2024-05-29 00:06:16,931 DEBUG   HandlerThread:26585 [handler.py:handle_request():144] handle_request: status_report
2024-05-29 00:06:17,026 DEBUG   HandlerThread:26585 [handler.py:handle_request():144] handle_request: keepalive
2024-05-29 00:06:21,729 DEBUG   HandlerThread:26585 [handler.py:handle_request():144] handle_request: internal_messages
2024-05-29 00:06:21,947 DEBUG   HandlerThread:26585 [handler.py:handle_request():144] handle_request: status_report
2024-05-29 00:06:26,965 DEBUG   HandlerThread:26585 [handler.py:handle_request():144] handle_request: status_report
2024-05-29 00:06:27,077 DEBUG   HandlerThread:26585 [handler.py:handle_request():144] handle_request: keepalive
2024-05-29 00:06:27,860 DEBUG   SenderThread:26585 [sender.py:send():380] send: stats
2024-05-29 00:06:32,084 DEBUG   HandlerThread:26585 [handler.py:handle_request():144] handle_request: keepalive
2024-05-29 00:06:32,879 DEBUG   HandlerThread:26585 [handler.py:handle_request():144] handle_request: status_report
2024-05-29 00:06:36,730 DEBUG   HandlerThread:26585 [handler.py:handle_request():144] handle_request: internal_messages
2024-05-29 00:06:37,896 DEBUG   HandlerThread:26585 [handler.py:handle_request():144] handle_request: status_report
2024-05-29 00:06:42,130 DEBUG   HandlerThread:26585 [handler.py:handle_request():144] handle_request: keepalive
2024-05-29 00:06:42,924 DEBUG   HandlerThread:26585 [handler.py:handle_request():144] handle_request: status_report
2024-05-29 00:06:47,158 DEBUG   HandlerThread:26585 [handler.py:handle_request():144] handle_request: keepalive
2024-05-29 00:06:47,932 DEBUG   HandlerThread:26585 [handler.py:handle_request():144] handle_request: status_report
2024-05-29 00:06:51,732 DEBUG   HandlerThread:26585 [handler.py:handle_request():144] handle_request: internal_messages
2024-05-29 00:06:52,956 DEBUG   HandlerThread:26585 [handler.py:handle_request():144] handle_request: status_report
2024-05-29 00:06:57,194 DEBUG   HandlerThread:26585 [handler.py:handle_request():144] handle_request: keepalive
2024-05-29 00:06:57,861 DEBUG   SenderThread:26585 [sender.py:send():380] send: stats
2024-05-29 00:06:58,864 DEBUG   HandlerThread:26585 [handler.py:handle_request():144] handle_request: status_report
2024-05-29 00:07:02,215 DEBUG   HandlerThread:26585 [handler.py:handle_request():144] handle_request: keepalive
2024-05-29 00:07:03,882 DEBUG   HandlerThread:26585 [handler.py:handle_request():144] handle_request: status_report
2024-05-29 00:07:06,737 DEBUG   HandlerThread:26585 [handler.py:handle_request():144] handle_request: internal_messages
2024-05-29 00:07:08,897 DEBUG   HandlerThread:26585 [handler.py:handle_request():144] handle_request: status_report
2024-05-29 00:07:12,242 DEBUG   HandlerThread:26585 [handler.py:handle_request():144] handle_request: keepalive
2024-05-29 00:07:13,914 DEBUG   HandlerThread:26585 [handler.py:handle_request():144] handle_request: status_report
2024-05-29 00:07:17,261 DEBUG   HandlerThread:26585 [handler.py:handle_request():144] handle_request: keepalive
2024-05-29 00:07:18,921 DEBUG   HandlerThread:26585 [handler.py:handle_request():144] handle_request: status_report
2024-05-29 00:07:21,740 DEBUG   HandlerThread:26585 [handler.py:handle_request():144] handle_request: internal_messages
2024-05-29 00:07:23,926 DEBUG   HandlerThread:26585 [handler.py:handle_request():144] handle_request: status_report
2024-05-29 00:07:27,296 DEBUG   HandlerThread:26585 [handler.py:handle_request():144] handle_request: keepalive
2024-05-29 00:07:27,869 DEBUG   SenderThread:26585 [sender.py:send():380] send: stats
2024-05-29 00:07:29,872 DEBUG   HandlerThread:26585 [handler.py:handle_request():144] handle_request: status_report
2024-05-29 00:07:32,318 DEBUG   HandlerThread:26585 [handler.py:handle_request():144] handle_request: keepalive
2024-05-29 00:07:34,888 DEBUG   HandlerThread:26585 [handler.py:handle_request():144] handle_request: status_report
2024-05-29 00:07:36,749 DEBUG   HandlerThread:26585 [handler.py:handle_request():144] handle_request: internal_messages
2024-05-29 00:07:39,909 DEBUG   HandlerThread:26585 [handler.py:handle_request():144] handle_request: status_report
2024-05-29 00:07:42,369 DEBUG   HandlerThread:26585 [handler.py:handle_request():144] handle_request: keepalive
2024-05-29 00:07:44,924 DEBUG   HandlerThread:26585 [handler.py:handle_request():144] handle_request: status_report
2024-05-29 00:07:47,376 DEBUG   HandlerThread:26585 [handler.py:handle_request():144] handle_request: keepalive
2024-05-29 00:07:49,932 DEBUG   HandlerThread:26585 [handler.py:handle_request():144] handle_request: status_report
2024-05-29 00:07:51,757 DEBUG   HandlerThread:26585 [handler.py:handle_request():144] handle_request: internal_messages
2024-05-29 00:07:54,946 DEBUG   HandlerThread:26585 [handler.py:handle_request():144] handle_request: status_report
2024-05-29 00:07:57,396 DEBUG   HandlerThread:26585 [handler.py:handle_request():144] handle_request: keepalive
2024-05-29 00:07:57,871 DEBUG   SenderThread:26585 [sender.py:send():380] send: stats
2024-05-29 00:08:00,877 DEBUG   HandlerThread:26585 [handler.py:handle_request():144] handle_request: status_report
2024-05-29 00:08:02,416 DEBUG   HandlerThread:26585 [handler.py:handle_request():144] handle_request: keepalive
2024-05-29 00:08:05,905 DEBUG   HandlerThread:26585 [handler.py:handle_request():144] handle_request: status_report
2024-05-29 00:08:06,763 DEBUG   HandlerThread:26585 [handler.py:handle_request():144] handle_request: internal_messages
2024-05-29 00:08:10,912 DEBUG   HandlerThread:26585 [handler.py:handle_request():144] handle_request: status_report
2024-05-29 00:08:12,455 DEBUG   HandlerThread:26585 [handler.py:handle_request():144] handle_request: keepalive
2024-05-29 00:08:15,924 DEBUG   HandlerThread:26585 [handler.py:handle_request():144] handle_request: status_report
2024-05-29 00:08:17,464 DEBUG   HandlerThread:26585 [handler.py:handle_request():144] handle_request: keepalive
2024-05-29 00:08:20,946 DEBUG   HandlerThread:26585 [handler.py:handle_request():144] handle_request: status_report
2024-05-29 00:08:21,772 DEBUG   HandlerThread:26585 [handler.py:handle_request():144] handle_request: internal_messages
2024-05-29 00:08:25,969 DEBUG   HandlerThread:26585 [handler.py:handle_request():144] handle_request: status_report
2024-05-29 00:08:27,494 DEBUG   HandlerThread:26585 [handler.py:handle_request():144] handle_request: keepalive
2024-05-29 00:08:27,879 DEBUG   SenderThread:26585 [sender.py:send():380] send: stats
2024-05-29 00:08:31,888 DEBUG   HandlerThread:26585 [handler.py:handle_request():144] handle_request: status_report
2024-05-29 00:08:32,518 DEBUG   HandlerThread:26585 [handler.py:handle_request():144] handle_request: keepalive
2024-05-29 00:08:36,781 DEBUG   HandlerThread:26585 [handler.py:handle_request():144] handle_request: internal_messages
2024-05-29 00:08:36,904 DEBUG   HandlerThread:26585 [handler.py:handle_request():144] handle_request: status_report
2024-05-29 00:08:41,918 DEBUG   HandlerThread:26585 [handler.py:handle_request():144] handle_request: status_report
2024-05-29 00:08:42,540 DEBUG   HandlerThread:26585 [handler.py:handle_request():144] handle_request: keepalive
2024-05-29 00:08:46,931 DEBUG   HandlerThread:26585 [handler.py:handle_request():144] handle_request: status_report
2024-05-29 00:08:47,556 DEBUG   HandlerThread:26585 [handler.py:handle_request():144] handle_request: keepalive
2024-05-29 00:08:50,848 DEBUG   SenderThread:26585 [sender.py:send():380] send: config
2024-05-29 00:08:51,229 DEBUG   HandlerThread:26585 [handler.py:handle_request():144] handle_request: log_artifact
2024-05-29 00:08:51,230 DEBUG   SenderThread:26585 [sender.py:send_request():407] send_request: log_artifact
2024-05-29 00:08:51,719 DEBUG   HandlerThread:26585 [handler.py:handle_request():144] handle_request: partial_history
2024-05-29 00:08:51,789 DEBUG   HandlerThread:26585 [handler.py:handle_request():144] handle_request: internal_messages
2024-05-29 00:08:52,033 INFO    Thread-12 :26585 [dir_watcher.py:_on_file_modified():288] file/dir modified: /Users/kelseydoerksen/code/giga-connectivity/wandb/run-20240529_000324-pawo29rv/files/output.log
2024-05-29 00:08:52,034 INFO    Thread-12 :26585 [dir_watcher.py:_on_file_created():271] file/dir created: /Users/kelseydoerksen/code/giga-connectivity/wandb/run-20240529_000324-pawo29rv/files/media/table/roc_table_0_35ea6499b78a01a1c723.table.json
2024-05-29 00:08:52,034 INFO    Thread-12 :26585 [dir_watcher.py:_on_file_created():271] file/dir created: /Users/kelseydoerksen/code/giga-connectivity/wandb/run-20240529_000324-pawo29rv/files/media
2024-05-29 00:08:52,034 INFO    Thread-12 :26585 [dir_watcher.py:_on_file_created():271] file/dir created: /Users/kelseydoerksen/code/giga-connectivity/wandb/run-20240529_000324-pawo29rv/files/media/table
2024-05-29 00:08:52,975 INFO    wandb-upload_1:26585 [upload_job.py:push():89] Uploaded file /Users/kelseydoerksen/Library/Application Support/wandb/artifacts/staging/tmpi6xfi9c6
2024-05-29 00:08:53,139 DEBUG   HandlerThread:26585 [handler.py:handle_request():144] handle_request: poll_exit
2024-05-29 00:08:53,251 ERROR   Thread-11 (_thread_body):26585 [internal_api.py:upload_file():2556] upload_file exception https://storage.googleapis.com/wandb-production.appspot.com/kelsey-doerksen/giga-research/pawo29rv/artifact/852858333/wandb_manifest.json?Expires=1717024133&GoogleAccessId=gorilla-files-url-signer-man%40wandb-production.iam.gserviceaccount.com&Signature=o8HtVsgzS10SkqLokrGn04ndJkkx%2BkRcUf49kF%2BlHDcxcY%2FTiXPrHUlweCqCsi%2Bx7e6Z27URxeBg%2BYh08Gh9%2Ff7BohSY0HO5Y2QA2L%2FKgj1s6FxwwlJwq9LKqmJEhFtDzjx3ORKdSWdYVYpRZfSBp80RgtjAprANolpCCgV8wBXHV2BJJD%2FvQvttJiW6yr76FrMMY4YWzX2BnZdIKU%2BzHU5Dfjzv5lPua2NtW%2FKs7Fn9nKK6vDgNsZh66Doo88y%2BHXwfHLwQlkA8bzCeTGaqWYwl9vl88%2B%2F%2FpwEK3xxIfTMaATr3Uy%2BQo%2FY9GCCnDSrKA45u5It7vLvn%2BxOB7%2BXj7w%3D%3D: ('Connection aborted.', RemoteDisconnected('Remote end closed connection without response'))
2024-05-29 00:08:53,251 ERROR   Thread-11 (_thread_body):26585 [internal_api.py:upload_file():2558] upload_file request headers: {'User-Agent': 'python-requests/2.28.2', 'Accept-Encoding': 'gzip, deflate, br', 'Accept': '*/*', 'Connection': 'keep-alive', 'Content-MD5': 'T+OL7GPIW9rScOddGzB0kQ==', 'Content-Length': '337'}
2024-05-29 00:08:53,251 ERROR   Thread-11 (_thread_body):26585 [internal_api.py:upload_file():2560] upload_file response body: 
2024-05-29 00:08:53,906 INFO    wandb-upload_0:26585 [upload_job.py:push():131] Uploaded file /var/folders/45/0gt2k_f526x1p6241p2jbczr0000gn/T/tmph91x9slrwandb/eydnf6ur-media/table/roc_table_0_35ea6499b78a01a1c723.table.json
2024-05-29 00:08:54,814 INFO    SenderThread:26585 [sender.py:send_request_log_artifact():1444] logged artifact run-pawo29rv-roc_table - {'id': 'QXJ0aWZhY3Q6ODUyODU4MzMz', 'state': 'PENDING', 'artifactSequence': {'id': 'QXJ0aWZhY3RDb2xsZWN0aW9uOjE4MDAxMDk5NA==', 'latestArtifact': None}}
2024-05-29 00:08:54,822 DEBUG   HandlerThread:26585 [handler.py:handle_request():144] handle_request: status_report
2024-05-29 00:08:54,998 DEBUG   SenderThread:26585 [sender.py:send():380] send: files
2024-05-29 00:08:54,998 INFO    SenderThread:26585 [sender.py:_save_file():1378] saving file media/table/roc_table_0_35ea6499b78a01a1c723.table.json with policy now
2024-05-29 00:08:54,999 DEBUG   SenderThread:26585 [sender.py:send():380] send: history
2024-05-29 00:08:54,999 DEBUG   SenderThread:26585 [sender.py:send_request():407] send_request: summary_record
2024-05-29 00:08:55,000 INFO    SenderThread:26585 [sender.py:_save_file():1378] saving file wandb-summary.json with policy end
2024-05-29 00:08:55,000 DEBUG   SenderThread:26585 [sender.py:send():380] send: exit
2024-05-29 00:08:55,000 INFO    SenderThread:26585 [sender.py:send_exit():585] handling exit code: 0
2024-05-29 00:08:55,001 INFO    SenderThread:26585 [sender.py:send_exit():587] handling runtime: 324
2024-05-29 00:08:55,001 INFO    SenderThread:26585 [sender.py:_save_file():1378] saving file wandb-summary.json with policy end
2024-05-29 00:08:55,002 INFO    SenderThread:26585 [sender.py:send_exit():593] send defer
2024-05-29 00:08:55,002 DEBUG   SenderThread:26585 [sender.py:send_request():407] send_request: poll_exit
2024-05-29 00:08:55,002 DEBUG   HandlerThread:26585 [handler.py:handle_request():144] handle_request: defer
2024-05-29 00:08:55,003 INFO    HandlerThread:26585 [handler.py:handle_request_defer():170] handle defer: 0
2024-05-29 00:08:55,003 DEBUG   SenderThread:26585 [sender.py:send_request():407] send_request: defer
2024-05-29 00:08:55,003 INFO    SenderThread:26585 [sender.py:send_request_defer():609] handle sender defer: 0
2024-05-29 00:08:55,003 INFO    SenderThread:26585 [sender.py:transition_state():613] send defer: 1
2024-05-29 00:08:55,003 DEBUG   HandlerThread:26585 [handler.py:handle_request():144] handle_request: defer
2024-05-29 00:08:55,003 INFO    HandlerThread:26585 [handler.py:handle_request_defer():170] handle defer: 1
2024-05-29 00:08:55,004 DEBUG   SenderThread:26585 [sender.py:send_request():407] send_request: defer
2024-05-29 00:08:55,004 INFO    SenderThread:26585 [sender.py:send_request_defer():609] handle sender defer: 1
2024-05-29 00:08:55,004 INFO    SenderThread:26585 [sender.py:transition_state():613] send defer: 2
2024-05-29 00:08:55,004 DEBUG   HandlerThread:26585 [handler.py:handle_request():144] handle_request: defer
2024-05-29 00:08:55,004 INFO    HandlerThread:26585 [handler.py:handle_request_defer():170] handle defer: 2
2024-05-29 00:08:55,005 INFO    HandlerThread:26585 [system_monitor.py:finish():190] Stopping system monitor
2024-05-29 00:08:55,005 DEBUG   SystemMonitor:26585 [system_monitor.py:_start():166] Finished system metrics aggregation loop
2024-05-29 00:08:55,005 DEBUG   SystemMonitor:26585 [system_monitor.py:_start():170] Publishing last batch of metrics
2024-05-29 00:08:55,006 INFO    HandlerThread:26585 [interfaces.py:finish():202] Joined cpu monitor
2024-05-29 00:08:55,006 INFO    HandlerThread:26585 [interfaces.py:finish():202] Joined disk monitor
2024-05-29 00:08:55,006 INFO    HandlerThread:26585 [interfaces.py:finish():202] Joined memory monitor
2024-05-29 00:08:55,007 INFO    HandlerThread:26585 [interfaces.py:finish():202] Joined network monitor
2024-05-29 00:08:55,007 DEBUG   SenderThread:26585 [sender.py:send_request():407] send_request: defer
2024-05-29 00:08:55,007 INFO    SenderThread:26585 [sender.py:send_request_defer():609] handle sender defer: 2
2024-05-29 00:08:55,007 INFO    SenderThread:26585 [sender.py:transition_state():613] send defer: 3
2024-05-29 00:08:55,008 DEBUG   SenderThread:26585 [sender.py:send():380] send: stats
2024-05-29 00:08:55,008 DEBUG   HandlerThread:26585 [handler.py:handle_request():144] handle_request: defer
2024-05-29 00:08:55,008 INFO    HandlerThread:26585 [handler.py:handle_request_defer():170] handle defer: 3
2024-05-29 00:08:55,010 DEBUG   SenderThread:26585 [sender.py:send_request():407] send_request: defer
2024-05-29 00:08:55,010 INFO    SenderThread:26585 [sender.py:send_request_defer():609] handle sender defer: 3
2024-05-29 00:08:55,010 INFO    SenderThread:26585 [sender.py:transition_state():613] send defer: 4
2024-05-29 00:08:55,011 DEBUG   HandlerThread:26585 [handler.py:handle_request():144] handle_request: defer
2024-05-29 00:08:55,011 INFO    HandlerThread:26585 [handler.py:handle_request_defer():170] handle defer: 4
2024-05-29 00:08:55,011 DEBUG   SenderThread:26585 [sender.py:send_request():407] send_request: defer
2024-05-29 00:08:55,011 INFO    SenderThread:26585 [sender.py:send_request_defer():609] handle sender defer: 4
2024-05-29 00:08:55,011 INFO    SenderThread:26585 [sender.py:transition_state():613] send defer: 5
2024-05-29 00:08:55,012 DEBUG   HandlerThread:26585 [handler.py:handle_request():144] handle_request: defer
2024-05-29 00:08:55,012 INFO    HandlerThread:26585 [handler.py:handle_request_defer():170] handle defer: 5
2024-05-29 00:08:55,012 DEBUG   SenderThread:26585 [sender.py:send():380] send: summary
2024-05-29 00:08:55,013 INFO    SenderThread:26585 [sender.py:_save_file():1378] saving file wandb-summary.json with policy end
2024-05-29 00:08:55,013 DEBUG   SenderThread:26585 [sender.py:send_request():407] send_request: defer
2024-05-29 00:08:55,014 INFO    SenderThread:26585 [sender.py:send_request_defer():609] handle sender defer: 5
2024-05-29 00:08:55,014 INFO    SenderThread:26585 [sender.py:transition_state():613] send defer: 6
2024-05-29 00:08:55,014 DEBUG   HandlerThread:26585 [handler.py:handle_request():144] handle_request: defer
2024-05-29 00:08:55,014 INFO    HandlerThread:26585 [handler.py:handle_request_defer():170] handle defer: 6
2024-05-29 00:08:55,014 DEBUG   SenderThread:26585 [sender.py:send_request():407] send_request: defer
2024-05-29 00:08:55,014 INFO    SenderThread:26585 [sender.py:send_request_defer():609] handle sender defer: 6
2024-05-29 00:08:55,014 INFO    SenderThread:26585 [sender.py:transition_state():613] send defer: 7
2024-05-29 00:08:55,014 DEBUG   HandlerThread:26585 [handler.py:handle_request():144] handle_request: status_report
2024-05-29 00:08:55,014 DEBUG   HandlerThread:26585 [handler.py:handle_request():144] handle_request: defer
2024-05-29 00:08:55,014 INFO    HandlerThread:26585 [handler.py:handle_request_defer():170] handle defer: 7
2024-05-29 00:08:55,015 DEBUG   SenderThread:26585 [sender.py:send_request():407] send_request: defer
2024-05-29 00:08:55,015 INFO    SenderThread:26585 [sender.py:send_request_defer():609] handle sender defer: 7
2024-05-29 00:08:55,058 INFO    Thread-12 :26585 [dir_watcher.py:_on_file_modified():288] file/dir modified: /Users/kelseydoerksen/code/giga-connectivity/wandb/run-20240529_000324-pawo29rv/files/config.yaml
2024-05-29 00:08:55,059 INFO    Thread-12 :26585 [dir_watcher.py:_on_file_created():271] file/dir created: /Users/kelseydoerksen/code/giga-connectivity/wandb/run-20240529_000324-pawo29rv/files/wandb-summary.json
2024-05-29 00:08:55,485 INFO    wandb-upload_1:26585 [upload_job.py:push():131] Uploaded file /var/folders/45/0gt2k_f526x1p6241p2jbczr0000gn/T/tmph91x9slrwandb/v80cxshu-media/table/roc_table_0_35ea6499b78a01a1c723.table.json
2024-05-29 00:08:55,725 INFO    SenderThread:26585 [sender.py:transition_state():613] send defer: 8
2024-05-29 00:08:55,725 DEBUG   HandlerThread:26585 [handler.py:handle_request():144] handle_request: defer
2024-05-29 00:08:55,726 INFO    HandlerThread:26585 [handler.py:handle_request_defer():170] handle defer: 8
2024-05-29 00:08:55,726 DEBUG   SenderThread:26585 [sender.py:send_request():407] send_request: defer
2024-05-29 00:08:55,727 INFO    SenderThread:26585 [sender.py:send_request_defer():609] handle sender defer: 8
2024-05-29 00:08:55,727 INFO    SenderThread:26585 [job_builder.py:build():281] Attempting to build job artifact
2024-05-29 00:08:55,730 INFO    SenderThread:26585 [job_builder.py:_get_source_type():393] is repo sourced job
2024-05-29 00:08:55,736 INFO    SenderThread:26585 [job_builder.py:build():369] adding wandb-job metadata file
2024-05-29 00:08:55,744 INFO    SenderThread:26585 [sender.py:transition_state():613] send defer: 9
2024-05-29 00:08:55,744 DEBUG   HandlerThread:26585 [handler.py:handle_request():144] handle_request: defer
2024-05-29 00:08:55,744 INFO    HandlerThread:26585 [handler.py:handle_request_defer():170] handle defer: 9
2024-05-29 00:08:55,745 DEBUG   SenderThread:26585 [sender.py:send():380] send: artifact
2024-05-29 00:08:56,066 INFO    Thread-12 :26585 [dir_watcher.py:_on_file_modified():288] file/dir modified: /Users/kelseydoerksen/code/giga-connectivity/wandb/run-20240529_000324-pawo29rv/files/output.log
2024-05-29 00:08:56,239 INFO    SenderThread:26585 [sender.py:send_artifact():1456] sent artifact job-git_github.com_kelsdoerksen_giga-connectivity.git_run_pipeline.py - {'id': 'QXJ0aWZhY3Q6ODUyNDM3NDMz', 'state': 'COMMITTED', 'artifactSequence': {'id': 'QXJ0aWZhY3RDb2xsZWN0aW9uOjEzNTAwNDI3Ng==', 'latestArtifact': {'id': 'QXJ0aWZhY3Q6ODUyNDM3NDMz', 'versionIndex': 65}}}
2024-05-29 00:08:56,239 DEBUG   SenderThread:26585 [sender.py:send_request():407] send_request: defer
2024-05-29 00:08:56,239 INFO    SenderThread:26585 [sender.py:send_request_defer():609] handle sender defer: 9
2024-05-29 00:08:56,239 INFO    SenderThread:26585 [dir_watcher.py:finish():358] shutting down directory watcher
2024-05-29 00:08:57,076 INFO    SenderThread:26585 [dir_watcher.py:finish():388] scan: /Users/kelseydoerksen/code/giga-connectivity/wandb/run-20240529_000324-pawo29rv/files
2024-05-29 00:08:57,076 INFO    SenderThread:26585 [dir_watcher.py:finish():402] scan save: /Users/kelseydoerksen/code/giga-connectivity/wandb/run-20240529_000324-pawo29rv/files/requirements.txt requirements.txt
2024-05-29 00:08:57,077 INFO    SenderThread:26585 [dir_watcher.py:finish():402] scan save: /Users/kelseydoerksen/code/giga-connectivity/wandb/run-20240529_000324-pawo29rv/files/output.log output.log
2024-05-29 00:08:57,082 INFO    SenderThread:26585 [dir_watcher.py:finish():402] scan save: /Users/kelseydoerksen/code/giga-connectivity/wandb/run-20240529_000324-pawo29rv/files/config.yaml config.yaml
2024-05-29 00:08:57,082 INFO    SenderThread:26585 [dir_watcher.py:finish():402] scan save: /Users/kelseydoerksen/code/giga-connectivity/wandb/run-20240529_000324-pawo29rv/files/wandb-summary.json wandb-summary.json
2024-05-29 00:08:57,092 INFO    SenderThread:26585 [dir_watcher.py:finish():402] scan save: /Users/kelseydoerksen/code/giga-connectivity/wandb/run-20240529_000324-pawo29rv/files/conda-environment.yaml conda-environment.yaml
2024-05-29 00:08:57,094 INFO    SenderThread:26585 [dir_watcher.py:finish():402] scan save: /Users/kelseydoerksen/code/giga-connectivity/wandb/run-20240529_000324-pawo29rv/files/wandb-metadata.json wandb-metadata.json
2024-05-29 00:08:57,101 INFO    SenderThread:26585 [dir_watcher.py:finish():402] scan save: /Users/kelseydoerksen/code/giga-connectivity/wandb/run-20240529_000324-pawo29rv/files/media/table/roc_table_0_35ea6499b78a01a1c723.table.json media/table/roc_table_0_35ea6499b78a01a1c723.table.json
2024-05-29 00:08:57,101 INFO    SenderThread:26585 [sender.py:transition_state():613] send defer: 10
2024-05-29 00:08:57,101 DEBUG   HandlerThread:26585 [handler.py:handle_request():144] handle_request: defer
2024-05-29 00:08:57,101 INFO    HandlerThread:26585 [handler.py:handle_request_defer():170] handle defer: 10
2024-05-29 00:08:57,102 DEBUG   SenderThread:26585 [sender.py:send_request():407] send_request: defer
2024-05-29 00:08:57,102 INFO    SenderThread:26585 [sender.py:send_request_defer():609] handle sender defer: 10
2024-05-29 00:08:57,103 INFO    SenderThread:26585 [file_pusher.py:finish():175] shutting down file pusher
2024-05-29 00:08:57,489 INFO    wandb-upload_0:26585 [upload_job.py:push():131] Uploaded file /Users/kelseydoerksen/code/giga-connectivity/wandb/run-20240529_000324-pawo29rv/files/requirements.txt
2024-05-29 00:08:57,969 INFO    wandb-upload_2:26585 [upload_job.py:push():131] Uploaded file /Users/kelseydoerksen/code/giga-connectivity/wandb/run-20240529_000324-pawo29rv/files/config.yaml
2024-05-29 00:08:57,973 INFO    wandb-upload_4:26585 [upload_job.py:push():131] Uploaded file /Users/kelseydoerksen/code/giga-connectivity/wandb/run-20240529_000324-pawo29rv/files/conda-environment.yaml
2024-05-29 00:08:57,974 INFO    wandb-upload_3:26585 [upload_job.py:push():131] Uploaded file /Users/kelseydoerksen/code/giga-connectivity/wandb/run-20240529_000324-pawo29rv/files/wandb-summary.json
2024-05-29 00:08:57,982 INFO    wandb-upload_1:26585 [upload_job.py:push():131] Uploaded file /Users/kelseydoerksen/code/giga-connectivity/wandb/run-20240529_000324-pawo29rv/files/output.log
2024-05-29 00:08:58,167 DEBUG   HandlerThread:26585 [handler.py:handle_request():144] handle_request: keepalive
2024-05-29 00:08:58,188 INFO    Thread-11 (_thread_body):26585 [sender.py:transition_state():613] send defer: 11
2024-05-29 00:08:58,189 DEBUG   HandlerThread:26585 [handler.py:handle_request():144] handle_request: defer
2024-05-29 00:08:58,189 INFO    HandlerThread:26585 [handler.py:handle_request_defer():170] handle defer: 11
2024-05-29 00:08:58,190 DEBUG   SenderThread:26585 [sender.py:send_request():407] send_request: defer
2024-05-29 00:08:58,190 INFO    SenderThread:26585 [sender.py:send_request_defer():609] handle sender defer: 11
2024-05-29 00:08:58,191 INFO    SenderThread:26585 [file_pusher.py:join():181] waiting for file pusher
2024-05-29 00:08:58,191 INFO    SenderThread:26585 [sender.py:transition_state():613] send defer: 12
2024-05-29 00:08:58,191 DEBUG   HandlerThread:26585 [handler.py:handle_request():144] handle_request: defer
2024-05-29 00:08:58,192 INFO    HandlerThread:26585 [handler.py:handle_request_defer():170] handle defer: 12
2024-05-29 00:08:58,192 DEBUG   SenderThread:26585 [sender.py:send_request():407] send_request: defer
2024-05-29 00:08:58,193 INFO    SenderThread:26585 [sender.py:send_request_defer():609] handle sender defer: 12
2024-05-29 00:08:58,193 INFO    SenderThread:26585 [file_stream.py:finish():595] file stream finish called
2024-05-29 00:08:58,460 INFO    SenderThread:26585 [file_stream.py:finish():599] file stream finish is done
2024-05-29 00:08:58,460 INFO    SenderThread:26585 [sender.py:transition_state():613] send defer: 13
2024-05-29 00:08:58,461 DEBUG   HandlerThread:26585 [handler.py:handle_request():144] handle_request: defer
2024-05-29 00:08:58,461 INFO    HandlerThread:26585 [handler.py:handle_request_defer():170] handle defer: 13
2024-05-29 00:08:58,461 DEBUG   SenderThread:26585 [sender.py:send_request():407] send_request: defer
2024-05-29 00:08:58,462 INFO    SenderThread:26585 [sender.py:send_request_defer():609] handle sender defer: 13
2024-05-29 00:08:58,462 INFO    SenderThread:26585 [sender.py:transition_state():613] send defer: 14
2024-05-29 00:08:58,462 DEBUG   HandlerThread:26585 [handler.py:handle_request():144] handle_request: defer
2024-05-29 00:08:58,462 INFO    HandlerThread:26585 [handler.py:handle_request_defer():170] handle defer: 14
2024-05-29 00:08:58,463 DEBUG   SenderThread:26585 [sender.py:send():380] send: final
2024-05-29 00:08:58,463 DEBUG   SenderThread:26585 [sender.py:send():380] send: footer
2024-05-29 00:08:58,463 DEBUG   SenderThread:26585 [sender.py:send_request():407] send_request: defer
2024-05-29 00:08:58,463 INFO    SenderThread:26585 [sender.py:send_request_defer():609] handle sender defer: 14
2024-05-29 00:08:58,464 DEBUG   HandlerThread:26585 [handler.py:handle_request():144] handle_request: poll_exit
2024-05-29 00:08:58,465 DEBUG   SenderThread:26585 [sender.py:send_request():407] send_request: poll_exit
2024-05-29 00:08:58,466 DEBUG   HandlerThread:26585 [handler.py:handle_request():144] handle_request: server_info
2024-05-29 00:08:58,467 DEBUG   SenderThread:26585 [sender.py:send_request():407] send_request: server_info
2024-05-29 00:08:58,470 DEBUG   HandlerThread:26585 [handler.py:handle_request():144] handle_request: get_summary
2024-05-29 00:08:58,471 DEBUG   HandlerThread:26585 [handler.py:handle_request():144] handle_request: sampled_history
2024-05-29 00:08:58,473 DEBUG   HandlerThread:26585 [handler.py:handle_request():144] handle_request: internal_messages
2024-05-29 00:08:58,473 DEBUG   HandlerThread:26585 [handler.py:handle_request():144] handle_request: job_info
2024-05-29 00:08:58,604 DEBUG   SenderThread:26585 [sender.py:send_request():407] send_request: job_info
2024-05-29 00:08:58,605 INFO    MainThread:26585 [wandb_run.py:_footer_history_summary_info():3554] rendering history
2024-05-29 00:08:58,606 INFO    MainThread:26585 [wandb_run.py:_footer_history_summary_info():3586] rendering summary
2024-05-29 00:08:58,606 INFO    MainThread:26585 [wandb_run.py:_footer_sync_info():3513] logging synced files
2024-05-29 00:08:58,607 DEBUG   HandlerThread:26585 [handler.py:handle_request():144] handle_request: shutdown
2024-05-29 00:08:58,607 INFO    HandlerThread:26585 [handler.py:finish():844] shutting down handler
2024-05-29 00:08:59,483 INFO    WriterThread:26585 [datastore.py:close():294] close: /Users/kelseydoerksen/code/giga-connectivity/wandb/run-20240529_000324-pawo29rv/run-pawo29rv.wandb
2024-05-29 00:08:59,612 INFO    SenderThread:26585 [sender.py:finish():1534] shutting down sender
2024-05-29 00:08:59,612 INFO    SenderThread:26585 [file_pusher.py:finish():175] shutting down file pusher
2024-05-29 00:08:59,613 INFO    SenderThread:26585 [file_pusher.py:join():181] waiting for file pusher
